# project ns (3-dev) configured on Sun Apr 12 02:21:55 2020 by
# waf 2.0.9 (abi 20, python 30502f0 on linux)
# using ./waf configure
#
----------------------------------------
Setting top to
/home/hank/ns3gym-extention
----------------------------------------
Setting out to
/home/hank/ns3gym-extention/build
----------------------------------------
Checking for 'gcc' (C compiler)
find program=['gcc', 'cc'] paths=['/home/hank/env01/bin', '/home/hank/.vscode-server/bin/0ba0ca52957102ca3527cf479571617f0de6ed50/bin', '/home/hank/bin', '/home/hank/.local/bin', '/home/hank/.vscode-server/bin/0ba0ca52957102ca3527cf479571617f0de6ed50/bin', '/usr/local/sbin', '/usr/local/bin', '/usr/sbin', '/usr/bin', '/sbin', '/bin', '/usr/games', '/usr/local/games', '/snap/bin'] var='CC' -> ['/usr/bin/gcc']
['/usr/bin/gcc', '-dM', '-E', '-']
out: #define __SSP_STRONG__ 3
#define __DBL_MIN_EXP__ (-1021)
#define __UINT_LEAST16_MAX__ 0xffff
#define __ATOMIC_ACQUIRE 2
#define __FLT_MIN__ 1.17549435082228750797e-38F
#define __GCC_IEC_559_COMPLEX 2
#define __UINT_LEAST8_TYPE__ unsigned char
#define __SIZEOF_FLOAT80__ 16
#define __INTMAX_C(c) c ## L
#define __CHAR_BIT__ 8
#define __UINT8_MAX__ 0xff
#define __WINT_MAX__ 0xffffffffU
#define __ORDER_LITTLE_ENDIAN__ 1234
#define __SIZE_MAX__ 0xffffffffffffffffUL
#define __WCHAR_MAX__ 0x7fffffff
#define __GCC_HAVE_SYNC_COMPARE_AND_SWAP_1 1
#define __GCC_HAVE_SYNC_COMPARE_AND_SWAP_2 1
#define __GCC_HAVE_SYNC_COMPARE_AND_SWAP_4 1
#define __DBL_DENORM_MIN__ ((double)4.94065645841246544177e-324L)
#define __GCC_HAVE_SYNC_COMPARE_AND_SWAP_8 1
#define __GCC_ATOMIC_CHAR_LOCK_FREE 2
#define __GCC_IEC_559 2
#define __FLT_EVAL_METHOD__ 0
#define __unix__ 1
#define __GCC_ATOMIC_CHAR32_T_LOCK_FREE 2
#define __x86_64 1
#define __UINT_FAST64_MAX__ 0xffffffffffffffffUL
#define __SIG_ATOMIC_TYPE__ int
#define __DBL_MIN_10_EXP__ (-307)
#define __FINITE_MATH_ONLY__ 0
#define __GNUC_PATCHLEVEL__ 0
#define __UINT_FAST8_MAX__ 0xff
#define __has_include(STR) __has_include__(STR)
#define __DEC64_MAX_EXP__ 385
#define __INT8_C(c) c
#define __UINT_LEAST64_MAX__ 0xffffffffffffffffUL
#define __SHRT_MAX__ 0x7fff
#define __LDBL_MAX__ 1.18973149535723176502e+4932L
#define __UINT_LEAST8_MAX__ 0xff
#define __GCC_ATOMIC_BOOL_LOCK_FREE 2
#define __UINTMAX_TYPE__ long unsigned int
#define __linux 1
#define __DEC32_EPSILON__ 1E-6DF
#define __unix 1
#define __UINT32_MAX__ 0xffffffffU
#define __LDBL_MAX_EXP__ 16384
#define __WINT_MIN__ 0U
#define __linux__ 1
#define __SCHAR_MAX__ 0x7f
#define __WCHAR_MIN__ (-__WCHAR_MAX__ - 1)
#define __INT64_C(c) c ## L
#define __DBL_DIG__ 15
#define __GCC_ATOMIC_POINTER_LOCK_FREE 2
#define __SIZEOF_INT__ 4
#define __SIZEOF_POINTER__ 8
#define __USER_LABEL_PREFIX__ 
#define __STDC_HOSTED__ 1
#define __LDBL_HAS_INFINITY__ 1
#define __FLT_EPSILON__ 1.19209289550781250000e-7F
#define __LDBL_MIN__ 3.36210314311209350626e-4932L
#define __STDC_UTF_16__ 1
#define __DEC32_MAX__ 9.999999E96DF
#define __INT32_MAX__ 0x7fffffff
#define __SIZEOF_LONG__ 8
#define __STDC_IEC_559__ 1
#define __STDC_ISO_10646__ 201505L
#define __UINT16_C(c) c
#define __DECIMAL_DIG__ 21
#define __gnu_linux__ 1
#define __has_include_next(STR) __has_include_next__(STR)
#define __LDBL_HAS_QUIET_NAN__ 1
#define __GNUC__ 5
#define __MMX__ 1
#define __FLT_HAS_DENORM__ 1
#define __SIZEOF_LONG_DOUBLE__ 16
#define __BIGGEST_ALIGNMENT__ 16
#define __DBL_MAX__ ((double)1.79769313486231570815e+308L)
#define __INT_FAST32_MAX__ 0x7fffffffffffffffL
#define __DBL_HAS_INFINITY__ 1
#define __DEC32_MIN_EXP__ (-94)
#define __INT_FAST16_TYPE__ long int
#define __LDBL_HAS_DENORM__ 1
#define __DEC128_MAX__ 9.999999999999999999999999999999999E6144DL
#define __INT_LEAST32_MAX__ 0x7fffffff
#define __DEC32_MIN__ 1E-95DF
#define __DBL_MAX_EXP__ 1024
#define __DEC128_EPSILON__ 1E-33DL
#define __SSE2_MATH__ 1
#define __ATOMIC_HLE_RELEASE 131072
#define __PTRDIFF_MAX__ 0x7fffffffffffffffL
#define __amd64 1
#define __STDC_NO_THREADS__ 1
#define __ATOMIC_HLE_ACQUIRE 65536
#define __LONG_LONG_MAX__ 0x7fffffffffffffffLL
#define __SIZEOF_SIZE_T__ 8
#define __SIZEOF_WINT_T__ 4
#define __GCC_HAVE_DWARF2_CFI_ASM 1
#define __GXX_ABI_VERSION 1009
#define __FLT_MIN_EXP__ (-125)
#define __INT_FAST64_TYPE__ long int
#define __DBL_MIN__ ((double)2.22507385850720138309e-308L)
#define __LP64__ 1
#define __DECIMAL_BID_FORMAT__ 1
#define __DEC128_MIN__ 1E-6143DL
#define __REGISTER_PREFIX__ 
#define __UINT16_MAX__ 0xffff
#define __DBL_HAS_DENORM__ 1
#define __UINT8_TYPE__ unsigned char
#define __NO_INLINE__ 1
#define __FLT_MANT_DIG__ 24
#define __VERSION__ "5.4.0 20160609"
#define __UINT64_C(c) c ## UL
#define _STDC_PREDEF_H 1
#define __GCC_ATOMIC_INT_LOCK_FREE 2
#define __FLOAT_WORD_ORDER__ __ORDER_LITTLE_ENDIAN__
#define __STDC_IEC_559_COMPLEX__ 1
#define __INT32_C(c) c
#define __DEC64_EPSILON__ 1E-15DD
#define __ORDER_PDP_ENDIAN__ 3412
#define __DEC128_MIN_EXP__ (-6142)
#define __INT_FAST32_TYPE__ long int
#define __UINT_LEAST16_TYPE__ short unsigned int
#define unix 1
#define __INT16_MAX__ 0x7fff
#define __SIZE_TYPE__ long unsigned int
#define __UINT64_MAX__ 0xffffffffffffffffUL
#define __INT8_TYPE__ signed char
#define __ELF__ 1
#define __FLT_RADIX__ 2
#define __INT_LEAST16_TYPE__ short int
#define __LDBL_EPSILON__ 1.08420217248550443401e-19L
#define __UINTMAX_C(c) c ## UL
#define __SSE_MATH__ 1
#define __k8 1
#define __SIG_ATOMIC_MAX__ 0x7fffffff
#define __GCC_ATOMIC_WCHAR_T_LOCK_FREE 2
#define __SIZEOF_PTRDIFF_T__ 8
#define __x86_64__ 1
#define __DEC32_SUBNORMAL_MIN__ 0.000001E-95DF
#define __INT_FAST16_MAX__ 0x7fffffffffffffffL
#define __UINT_FAST32_MAX__ 0xffffffffffffffffUL
#define __UINT_LEAST64_TYPE__ long unsigned int
#define __FLT_HAS_QUIET_NAN__ 1
#define __FLT_MAX_10_EXP__ 38
#define __LONG_MAX__ 0x7fffffffffffffffL
#define __DEC128_SUBNORMAL_MIN__ 0.000000000000000000000000000000001E-6143DL
#define __FLT_HAS_INFINITY__ 1
#define __UINT_FAST16_TYPE__ long unsigned int
#define __DEC64_MAX__ 9.999999999999999E384DD
#define __CHAR16_TYPE__ short unsigned int
#define __PRAGMA_REDEFINE_EXTNAME 1
#define __INT_LEAST16_MAX__ 0x7fff
#define __DEC64_MANT_DIG__ 16
#define __INT64_MAX__ 0x7fffffffffffffffL
#define __UINT_LEAST32_MAX__ 0xffffffffU
#define __GCC_ATOMIC_LONG_LOCK_FREE 2
#define __INT_LEAST64_TYPE__ long int
#define __INT16_TYPE__ short int
#define __INT_LEAST8_TYPE__ signed char
#define __STDC_VERSION__ 201112L
#define __DEC32_MAX_EXP__ 97
#define __INT_FAST8_MAX__ 0x7f
#define __INTPTR_MAX__ 0x7fffffffffffffffL
#define linux 1
#define __SSE2__ 1
#define __LDBL_MANT_DIG__ 64
#define __DBL_HAS_QUIET_NAN__ 1
#define __SIG_ATOMIC_MIN__ (-__SIG_ATOMIC_MAX__ - 1)
#define __code_model_small__ 1
#define __k8__ 1
#define __INTPTR_TYPE__ long int
#define __UINT16_TYPE__ short unsigned int
#define __WCHAR_TYPE__ int
#define __SIZEOF_FLOAT__ 4
#define __UINTPTR_MAX__ 0xffffffffffffffffUL
#define __DEC64_MIN_EXP__ (-382)
#define __INT_FAST64_MAX__ 0x7fffffffffffffffL
#define __GCC_ATOMIC_TEST_AND_SET_TRUEVAL 1
#define __FLT_DIG__ 6
#define __UINT_FAST64_TYPE__ long unsigned int
#define __INT_MAX__ 0x7fffffff
#define __amd64__ 1
#define __INT64_TYPE__ long int
#define __FLT_MAX_EXP__ 128
#define __ORDER_BIG_ENDIAN__ 4321
#define __DBL_MANT_DIG__ 53
#define __SIZEOF_FLOAT128__ 16
#define __INT_LEAST64_MAX__ 0x7fffffffffffffffL
#define __GCC_ATOMIC_CHAR16_T_LOCK_FREE 2
#define __DEC64_MIN__ 1E-383DD
#define __WINT_TYPE__ unsigned int
#define __UINT_LEAST32_TYPE__ unsigned int
#define __SIZEOF_SHORT__ 2
#define __SSE__ 1
#define __LDBL_MIN_EXP__ (-16381)
#define __INT_LEAST8_MAX__ 0x7f
#define __SIZEOF_INT128__ 16
#define __LDBL_MAX_10_EXP__ 4932
#define __ATOMIC_RELAXED 0
#define __DBL_EPSILON__ ((double)2.22044604925031308085e-16L)
#define _LP64 1
#define __UINT8_C(c) c
#define __INT_LEAST32_TYPE__ int
#define __SIZEOF_WCHAR_T__ 4
#define __UINT64_TYPE__ long unsigned int
#define __INT_FAST8_TYPE__ signed char
#define __GNUC_STDC_INLINE__ 1
#define __DBL_DECIMAL_DIG__ 17
#define __STDC_UTF_32__ 1
#define __FXSR__ 1
#define __DEC_EVAL_METHOD__ 2
#define __UINT32_C(c) c ## U
#define __INTMAX_MAX__ 0x7fffffffffffffffL
#define __BYTE_ORDER__ __ORDER_LITTLE_ENDIAN__
#define __FLT_DENORM_MIN__ 1.40129846432481707092e-45F
#define __INT8_MAX__ 0x7f
#define __UINT_FAST32_TYPE__ long unsigned int
#define __CHAR32_TYPE__ unsigned int
#define __FLT_MAX__ 3.40282346638528859812e+38F
#define __INT32_TYPE__ int
#define __SIZEOF_DOUBLE__ 8
#define __FLT_MIN_10_EXP__ (-37)
#define __INTMAX_TYPE__ long int
#define __DEC128_MAX_EXP__ 6145
#define __ATOMIC_CONSUME 1
#define __GNUC_MINOR__ 4
#define __UINTMAX_MAX__ 0xffffffffffffffffUL
#define __DEC32_MANT_DIG__ 7
#define __DBL_MAX_10_EXP__ 308
#define __LDBL_DENORM_MIN__ 3.64519953188247460253e-4951L
#define __INT16_C(c) c
#define __STDC__ 1
#define __PTRDIFF_TYPE__ long int
#define __ATOMIC_SEQ_CST 5
#define __UINT32_TYPE__ unsigned int
#define __UINTPTR_TYPE__ long unsigned int
#define __DEC64_SUBNORMAL_MIN__ 0.000000000000001E-383DD
#define __DEC128_MANT_DIG__ 34
#define __LDBL_MIN_10_EXP__ (-4931)
#define __SIZEOF_LONG_LONG__ 8
#define __GCC_ATOMIC_LLONG_LOCK_FREE 2
#define __LDBL_DIG__ 18
#define __FLT_DECIMAL_DIG__ 9
#define __UINT_FAST16_MAX__ 0xffffffffffffffffUL
#define __GCC_ATOMIC_SHORT_LOCK_FREE 2
#define __UINT_FAST8_TYPE__ unsigned char
#define __ATOMIC_ACQ_REL 4
#define __ATOMIC_RELEASE 3

find program=['ar'] paths=['/home/hank/env01/bin', '/home/hank/.vscode-server/bin/0ba0ca52957102ca3527cf479571617f0de6ed50/bin', '/home/hank/bin', '/home/hank/.local/bin', '/home/hank/.vscode-server/bin/0ba0ca52957102ca3527cf479571617f0de6ed50/bin', '/usr/local/sbin', '/usr/local/bin', '/usr/sbin', '/usr/bin', '/sbin', '/bin', '/usr/games', '/usr/local/games', '/snap/bin'] var='AR' -> ['/usr/bin/ar']
/usr/bin/gcc
----------------------------------------
Checking for cc version
5.4.0
----------------------------------------
Checking for 'g++' (C++ compiler)
find program=['g++', 'c++'] paths=['/home/hank/env01/bin', '/home/hank/.vscode-server/bin/0ba0ca52957102ca3527cf479571617f0de6ed50/bin', '/home/hank/bin', '/home/hank/.local/bin', '/home/hank/.vscode-server/bin/0ba0ca52957102ca3527cf479571617f0de6ed50/bin', '/usr/local/sbin', '/usr/local/bin', '/usr/sbin', '/usr/bin', '/sbin', '/bin', '/usr/games', '/usr/local/games', '/snap/bin'] var='CXX' -> ['/usr/bin/g++']
['/usr/bin/g++', '-dM', '-E', '-']
out: #define __SSP_STRONG__ 3
#define __DBL_MIN_EXP__ (-1021)
#define __UINT_LEAST16_MAX__ 0xffff
#define __ATOMIC_ACQUIRE 2
#define __FLT_MIN__ 1.17549435082228750797e-38F
#define __GCC_IEC_559_COMPLEX 2
#define __UINT_LEAST8_TYPE__ unsigned char
#define __SIZEOF_FLOAT80__ 16
#define __INTMAX_C(c) c ## L
#define __CHAR_BIT__ 8
#define __UINT8_MAX__ 0xff
#define __WINT_MAX__ 0xffffffffU
#define __ORDER_LITTLE_ENDIAN__ 1234
#define __SIZE_MAX__ 0xffffffffffffffffUL
#define __WCHAR_MAX__ 0x7fffffff
#define __GCC_HAVE_SYNC_COMPARE_AND_SWAP_1 1
#define __GCC_HAVE_SYNC_COMPARE_AND_SWAP_2 1
#define __GCC_HAVE_SYNC_COMPARE_AND_SWAP_4 1
#define __DBL_DENORM_MIN__ ((double)4.94065645841246544177e-324L)
#define __GCC_HAVE_SYNC_COMPARE_AND_SWAP_8 1
#define __GCC_ATOMIC_CHAR_LOCK_FREE 2
#define __GCC_IEC_559 2
#define __FLT_EVAL_METHOD__ 0
#define __unix__ 1
#define __GCC_ATOMIC_CHAR32_T_LOCK_FREE 2
#define __x86_64 1
#define __UINT_FAST64_MAX__ 0xffffffffffffffffUL
#define __SIG_ATOMIC_TYPE__ int
#define __DBL_MIN_10_EXP__ (-307)
#define __FINITE_MATH_ONLY__ 0
#define __GNUC_PATCHLEVEL__ 0
#define __UINT_FAST8_MAX__ 0xff
#define __has_include(STR) __has_include__(STR)
#define __DEC64_MAX_EXP__ 385
#define __INT8_C(c) c
#define __UINT_LEAST64_MAX__ 0xffffffffffffffffUL
#define __SHRT_MAX__ 0x7fff
#define __LDBL_MAX__ 1.18973149535723176502e+4932L
#define __UINT_LEAST8_MAX__ 0xff
#define __GCC_ATOMIC_BOOL_LOCK_FREE 2
#define __UINTMAX_TYPE__ long unsigned int
#define __linux 1
#define __DEC32_EPSILON__ 1E-6DF
#define __unix 1
#define __UINT32_MAX__ 0xffffffffU
#define __LDBL_MAX_EXP__ 16384
#define __WINT_MIN__ 0U
#define __linux__ 1
#define __SCHAR_MAX__ 0x7f
#define __WCHAR_MIN__ (-__WCHAR_MAX__ - 1)
#define __INT64_C(c) c ## L
#define __DBL_DIG__ 15
#define __GCC_ATOMIC_POINTER_LOCK_FREE 2
#define __SIZEOF_INT__ 4
#define __SIZEOF_POINTER__ 8
#define __USER_LABEL_PREFIX__ 
#define __STDC_HOSTED__ 1
#define __LDBL_HAS_INFINITY__ 1
#define __FLT_EPSILON__ 1.19209289550781250000e-7F
#define __LDBL_MIN__ 3.36210314311209350626e-4932L
#define __STDC_UTF_16__ 1
#define __DEC32_MAX__ 9.999999E96DF
#define __INT32_MAX__ 0x7fffffff
#define __SIZEOF_LONG__ 8
#define __STDC_IEC_559__ 1
#define __STDC_ISO_10646__ 201505L
#define __UINT16_C(c) c
#define __DECIMAL_DIG__ 21
#define __gnu_linux__ 1
#define __has_include_next(STR) __has_include_next__(STR)
#define __LDBL_HAS_QUIET_NAN__ 1
#define __GNUC__ 5
#define __MMX__ 1
#define __FLT_HAS_DENORM__ 1
#define __SIZEOF_LONG_DOUBLE__ 16
#define __BIGGEST_ALIGNMENT__ 16
#define __DBL_MAX__ ((double)1.79769313486231570815e+308L)
#define __INT_FAST32_MAX__ 0x7fffffffffffffffL
#define __DBL_HAS_INFINITY__ 1
#define __DEC32_MIN_EXP__ (-94)
#define __INT_FAST16_TYPE__ long int
#define __LDBL_HAS_DENORM__ 1
#define __DEC128_MAX__ 9.999999999999999999999999999999999E6144DL
#define __INT_LEAST32_MAX__ 0x7fffffff
#define __DEC32_MIN__ 1E-95DF
#define __DBL_MAX_EXP__ 1024
#define __DEC128_EPSILON__ 1E-33DL
#define __SSE2_MATH__ 1
#define __ATOMIC_HLE_RELEASE 131072
#define __PTRDIFF_MAX__ 0x7fffffffffffffffL
#define __amd64 1
#define __STDC_NO_THREADS__ 1
#define __ATOMIC_HLE_ACQUIRE 65536
#define __LONG_LONG_MAX__ 0x7fffffffffffffffLL
#define __SIZEOF_SIZE_T__ 8
#define __SIZEOF_WINT_T__ 4
#define __GCC_HAVE_DWARF2_CFI_ASM 1
#define __GXX_ABI_VERSION 1009
#define __FLT_MIN_EXP__ (-125)
#define __INT_FAST64_TYPE__ long int
#define __DBL_MIN__ ((double)2.22507385850720138309e-308L)
#define __LP64__ 1
#define __DECIMAL_BID_FORMAT__ 1
#define __DEC128_MIN__ 1E-6143DL
#define __REGISTER_PREFIX__ 
#define __UINT16_MAX__ 0xffff
#define __DBL_HAS_DENORM__ 1
#define __UINT8_TYPE__ unsigned char
#define __NO_INLINE__ 1
#define __FLT_MANT_DIG__ 24
#define __VERSION__ "5.4.0 20160609"
#define __UINT64_C(c) c ## UL
#define _STDC_PREDEF_H 1
#define __GCC_ATOMIC_INT_LOCK_FREE 2
#define __FLOAT_WORD_ORDER__ __ORDER_LITTLE_ENDIAN__
#define __STDC_IEC_559_COMPLEX__ 1
#define __INT32_C(c) c
#define __DEC64_EPSILON__ 1E-15DD
#define __ORDER_PDP_ENDIAN__ 3412
#define __DEC128_MIN_EXP__ (-6142)
#define __INT_FAST32_TYPE__ long int
#define __UINT_LEAST16_TYPE__ short unsigned int
#define unix 1
#define __INT16_MAX__ 0x7fff
#define __SIZE_TYPE__ long unsigned int
#define __UINT64_MAX__ 0xffffffffffffffffUL
#define __INT8_TYPE__ signed char
#define __ELF__ 1
#define __FLT_RADIX__ 2
#define __INT_LEAST16_TYPE__ short int
#define __LDBL_EPSILON__ 1.08420217248550443401e-19L
#define __UINTMAX_C(c) c ## UL
#define __SSE_MATH__ 1
#define __k8 1
#define __SIG_ATOMIC_MAX__ 0x7fffffff
#define __GCC_ATOMIC_WCHAR_T_LOCK_FREE 2
#define __SIZEOF_PTRDIFF_T__ 8
#define __x86_64__ 1
#define __DEC32_SUBNORMAL_MIN__ 0.000001E-95DF
#define __INT_FAST16_MAX__ 0x7fffffffffffffffL
#define __UINT_FAST32_MAX__ 0xffffffffffffffffUL
#define __UINT_LEAST64_TYPE__ long unsigned int
#define __FLT_HAS_QUIET_NAN__ 1
#define __FLT_MAX_10_EXP__ 38
#define __LONG_MAX__ 0x7fffffffffffffffL
#define __DEC128_SUBNORMAL_MIN__ 0.000000000000000000000000000000001E-6143DL
#define __FLT_HAS_INFINITY__ 1
#define __UINT_FAST16_TYPE__ long unsigned int
#define __DEC64_MAX__ 9.999999999999999E384DD
#define __CHAR16_TYPE__ short unsigned int
#define __PRAGMA_REDEFINE_EXTNAME 1
#define __INT_LEAST16_MAX__ 0x7fff
#define __DEC64_MANT_DIG__ 16
#define __INT64_MAX__ 0x7fffffffffffffffL
#define __UINT_LEAST32_MAX__ 0xffffffffU
#define __GCC_ATOMIC_LONG_LOCK_FREE 2
#define __INT_LEAST64_TYPE__ long int
#define __INT16_TYPE__ short int
#define __INT_LEAST8_TYPE__ signed char
#define __STDC_VERSION__ 201112L
#define __DEC32_MAX_EXP__ 97
#define __INT_FAST8_MAX__ 0x7f
#define __INTPTR_MAX__ 0x7fffffffffffffffL
#define linux 1
#define __SSE2__ 1
#define __LDBL_MANT_DIG__ 64
#define __DBL_HAS_QUIET_NAN__ 1
#define __SIG_ATOMIC_MIN__ (-__SIG_ATOMIC_MAX__ - 1)
#define __code_model_small__ 1
#define __k8__ 1
#define __INTPTR_TYPE__ long int
#define __UINT16_TYPE__ short unsigned int
#define __WCHAR_TYPE__ int
#define __SIZEOF_FLOAT__ 4
#define __UINTPTR_MAX__ 0xffffffffffffffffUL
#define __DEC64_MIN_EXP__ (-382)
#define __INT_FAST64_MAX__ 0x7fffffffffffffffL
#define __GCC_ATOMIC_TEST_AND_SET_TRUEVAL 1
#define __FLT_DIG__ 6
#define __UINT_FAST64_TYPE__ long unsigned int
#define __INT_MAX__ 0x7fffffff
#define __amd64__ 1
#define __INT64_TYPE__ long int
#define __FLT_MAX_EXP__ 128
#define __ORDER_BIG_ENDIAN__ 4321
#define __DBL_MANT_DIG__ 53
#define __SIZEOF_FLOAT128__ 16
#define __INT_LEAST64_MAX__ 0x7fffffffffffffffL
#define __GCC_ATOMIC_CHAR16_T_LOCK_FREE 2
#define __DEC64_MIN__ 1E-383DD
#define __WINT_TYPE__ unsigned int
#define __UINT_LEAST32_TYPE__ unsigned int
#define __SIZEOF_SHORT__ 2
#define __SSE__ 1
#define __LDBL_MIN_EXP__ (-16381)
#define __INT_LEAST8_MAX__ 0x7f
#define __SIZEOF_INT128__ 16
#define __LDBL_MAX_10_EXP__ 4932
#define __ATOMIC_RELAXED 0
#define __DBL_EPSILON__ ((double)2.22044604925031308085e-16L)
#define _LP64 1
#define __UINT8_C(c) c
#define __INT_LEAST32_TYPE__ int
#define __SIZEOF_WCHAR_T__ 4
#define __UINT64_TYPE__ long unsigned int
#define __INT_FAST8_TYPE__ signed char
#define __GNUC_STDC_INLINE__ 1
#define __DBL_DECIMAL_DIG__ 17
#define __STDC_UTF_32__ 1
#define __FXSR__ 1
#define __DEC_EVAL_METHOD__ 2
#define __UINT32_C(c) c ## U
#define __INTMAX_MAX__ 0x7fffffffffffffffL
#define __BYTE_ORDER__ __ORDER_LITTLE_ENDIAN__
#define __FLT_DENORM_MIN__ 1.40129846432481707092e-45F
#define __INT8_MAX__ 0x7f
#define __UINT_FAST32_TYPE__ long unsigned int
#define __CHAR32_TYPE__ unsigned int
#define __FLT_MAX__ 3.40282346638528859812e+38F
#define __INT32_TYPE__ int
#define __SIZEOF_DOUBLE__ 8
#define __FLT_MIN_10_EXP__ (-37)
#define __INTMAX_TYPE__ long int
#define __DEC128_MAX_EXP__ 6145
#define __ATOMIC_CONSUME 1
#define __GNUC_MINOR__ 4
#define __UINTMAX_MAX__ 0xffffffffffffffffUL
#define __DEC32_MANT_DIG__ 7
#define __DBL_MAX_10_EXP__ 308
#define __LDBL_DENORM_MIN__ 3.64519953188247460253e-4951L
#define __INT16_C(c) c
#define __STDC__ 1
#define __PTRDIFF_TYPE__ long int
#define __ATOMIC_SEQ_CST 5
#define __UINT32_TYPE__ unsigned int
#define __UINTPTR_TYPE__ long unsigned int
#define __DEC64_SUBNORMAL_MIN__ 0.000000000000001E-383DD
#define __DEC128_MANT_DIG__ 34
#define __LDBL_MIN_10_EXP__ (-4931)
#define __SIZEOF_LONG_LONG__ 8
#define __GCC_ATOMIC_LLONG_LOCK_FREE 2
#define __LDBL_DIG__ 18
#define __FLT_DECIMAL_DIG__ 9
#define __UINT_FAST16_MAX__ 0xffffffffffffffffUL
#define __GCC_ATOMIC_SHORT_LOCK_FREE 2
#define __UINT_FAST8_TYPE__ unsigned char
#define __ATOMIC_ACQ_REL 4
#define __ATOMIC_RELEASE 3

find program=['ar'] paths=['/home/hank/env01/bin', '/home/hank/.vscode-server/bin/0ba0ca52957102ca3527cf479571617f0de6ed50/bin', '/home/hank/bin', '/home/hank/.local/bin', '/home/hank/.vscode-server/bin/0ba0ca52957102ca3527cf479571617f0de6ed50/bin', '/usr/local/sbin', '/usr/local/bin', '/usr/sbin', '/usr/bin', '/sbin', '/bin', '/usr/games', '/usr/local/games', '/snap/bin'] var='AR' -> ['/usr/bin/ar']
/usr/bin/g++
------------------------------------------------------
Checking for compilation flag -Wl,--soname=foo support
==>
int main() { return 0; }
<==
[1/1] Compiling [32mbuild/.conf_check_a393ebc4c6148b7c5ea088c11bca679e/test.cpp[0m

['/usr/bin/g++', '-O0', '-ggdb', '-g3', '-Wall', '-Werror', '-Wl,--soname=foo', '-DNS3_BUILD_PROFILE_DEBUG', '-DNS3_ASSERT_ENABLE', '-DNS3_LOG_ENABLE', '../test.cpp', '-c', '-o/home/hank/ns3gym-extention/build/.conf_check_a393ebc4c6148b7c5ea088c11bca679e/testbuild/test.cpp.1.o']
ok
------------------------------------------------------
Checking for compilation flag -std=c++11 support
==>
int main() { return 0; }
<==
[1/1] Compiling [32mbuild/.conf_check_a393ebc4c6148b7c5ea088c11bca679e/test.cpp[0m

['/usr/bin/g++', '-O0', '-ggdb', '-g3', '-Wall', '-Werror', '-std=c++11', '-DNS3_BUILD_PROFILE_DEBUG', '-DNS3_ASSERT_ENABLE', '-DNS3_LOG_ENABLE', '../test.cpp', '-c', '-o/home/hank/ns3gym-extention/build/.conf_check_a393ebc4c6148b7c5ea088c11bca679e/testbuild/test.cpp.1.o']
ok
------------------------------------------------------
Checking for program 'python'
/home/hank/env01/bin/python
find program=['python'] paths=['/home/hank/env01/bin', '/home/hank/.vscode-server/bin/0ba0ca52957102ca3527cf479571617f0de6ed50/bin', '/home/hank/bin', '/home/hank/.local/bin', '/home/hank/.vscode-server/bin/0ba0ca52957102ca3527cf479571617f0de6ed50/bin', '/usr/local/sbin', '/usr/local/bin', '/usr/sbin', '/usr/bin', '/sbin', '/bin', '/usr/games', '/usr/local/games', '/snap/bin'] var='PYTHON' -> ['/home/hank/env01/bin/python']
['/home/hank/env01/bin/python', '-c', 'import imp;print(imp.get_tag())']
out: cpython-35

['/home/hank/env01/bin/python', '-c', 'import sys\nfor x in sys.version_info: print(str(x))']
out: 3
5
2
final
0

['/home/hank/env01/bin/python', '-c', "from distutils.sysconfig import get_config_var, get_python_lib\n\nprint(repr(get_python_lib(standard_lib=0, prefix='/usr/local') or ''))"]
out: '/usr/local/lib/python3.5/site-packages'

'/usr/local/lib/python3.5/site-packages'

['/home/hank/env01/bin/python', '-c', "from distutils.sysconfig import get_config_var, get_python_lib\n\nprint(repr(get_python_lib(plat_specific=1, standard_lib=0, prefix='/usr/local') or ''))"]
out: '/usr/local/lib/python3.5/site-packages'

'/usr/local/lib/python3.5/site-packages'

------------------------------------------------------
Checking for python version >= 2.3
3.5.2
['/home/hank/env01/bin/python', '-c', "from distutils.sysconfig import get_config_var, get_python_lib\n\nprint(repr(get_config_var('prefix') or ''))\nprint(repr(get_config_var('SO') or ''))\nprint(repr(get_config_var('LDFLAGS') or ''))\nprint(repr(get_config_var('LIBDIR') or ''))\nprint(repr(get_config_var('LIBPL') or ''))\nprint(repr(get_config_var('INCLUDEPY') or ''))\nprint(repr(get_config_var('Py_ENABLE_SHARED') or ''))\nprint(repr(get_config_var('MACOSX_DEPLOYMENT_TARGET') or ''))\nprint(repr(get_config_var('LDSHARED') or ''))\nprint(repr(get_config_var('CFLAGS') or ''))\nprint(repr(get_config_var('LDVERSION') or ''))"]
out: '/home/hank/env01'
'.cpython-35m-x86_64-linux-gnu.so'
'-Wl,-Bsymbolic-functions -Wl,-z,relro'
'/usr/lib'
'/usr/lib/python3.5/config-3.5m-x86_64-linux-gnu'
'/usr/include/python3.5m'
1
''
'x86_64-linux-gnu-gcc -pthread -shared -Wl,-O1 -Wl,-Bsymbolic-functions -Wl,-Bsymbolic-functions -Wl,-z,relro'
'-Wno-unused-result -Wsign-compare -DNDEBUG -g -fwrapv -O2 -Wall -Wstrict-prototypes -g -fstack-protector-strong -Wformat -Werror=format-security  -g -flto -fuse-linker-plugin -ffat-lto-objects'
'3.5m'

'/home/hank/env01'
'.cpython-35m-x86_64-linux-gnu.so'
'-Wl,-Bsymbolic-functions -Wl,-z,relro'
'/usr/lib'
'/usr/lib/python3.5/config-3.5m-x86_64-linux-gnu'
'/usr/include/python3.5m'
1
''
'x86_64-linux-gnu-gcc -pthread -shared -Wl,-O1 -Wl,-Bsymbolic-functions -Wl,-Bsymbolic-functions -Wl,-z,relro'
'-Wno-unused-result -Wsign-compare -DNDEBUG -g -fwrapv -O2 -Wall -Wstrict-prototypes -g -fstack-protector-strong -Wformat -Werror=format-security  -g -flto -fuse-linker-plugin -ffat-lto-objects'
'3.5m'

Configuration returned from ['/home/hank/env01/bin/python']:
prefix = '/home/hank/env01'
SO = '.cpython-35m-x86_64-linux-gnu.so'
LDFLAGS = '-Wl,-Bsymbolic-functions -Wl,-z,relro'
LIBDIR = '/usr/lib'
LIBPL = '/usr/lib/python3.5/config-3.5m-x86_64-linux-gnu'
INCLUDEPY = '/usr/include/python3.5m'
Py_ENABLE_SHARED = 1
MACOSX_DEPLOYMENT_TARGET = ''
LDSHARED = 'x86_64-linux-gnu-gcc -pthread -shared -Wl,-O1 -Wl,-Bsymbolic-functions -Wl,-Bsymbolic-functions -Wl,-z,relro'
CFLAGS = '-Wno-unused-result -Wsign-compare -DNDEBUG -g -fwrapv -O2 -Wall -Wstrict-prototypes -g -fstack-protector-strong -Wformat -Werror=format-security  -g -flto -fuse-linker-plugin -ffat-lto-objects'
LDVERSION = '3.5m'

------------------------------------------------------
python-config
/home/hank/env01/bin/python-config
find program=['/home/hank/env01/bin/python-config', 'python3.5-config', 'python-config-3.5', 'python3.5m-config'] paths=['/home/hank/env01/bin', '/home/hank/.vscode-server/bin/0ba0ca52957102ca3527cf479571617f0de6ed50/bin', '/home/hank/bin', '/home/hank/.local/bin', '/home/hank/.vscode-server/bin/0ba0ca52957102ca3527cf479571617f0de6ed50/bin', '/usr/local/sbin', '/usr/local/bin', '/usr/sbin', '/usr/bin', '/sbin', '/bin', '/usr/games', '/usr/local/games', '/snap/bin'] var='PYTHON_CONFIG' -> ['/home/hank/env01/bin/python-config']
------------------------------------------------------------------
Asking python-config for pyembed '--cflags --libs --ldflags' flags
['/home/hank/env01/bin/python-config', '--cflags', '--libs', '--ldflags']
out: -I/home/hank/env01/include/python3.5m -I/home/hank/env01/include/python3.5m -Wno-unused-result -Wsign-compare -DNDEBUG -g -fwrapv -O2 -Wall -Wstrict-prototypes -g -fstack-protector-strong -Wformat -Werror=format-security -g -flto -fuse-linker-plugin -ffat-lto-objects
-lpython3.5m -lpthread -ldl -lutil -lm
-lpython3.5m -lpthread -ldl -lutil -lm -Xlinker -export-dynamic -Wl,-O1 -Wl,-Bsymbolic-functions

Unhandled flag '-Wno-unused-result'
Unhandled flag '-Wsign-compare'
Unhandled flag '-Wall'
Unhandled flag '-Wstrict-prototypes'
Unhandled flag '-Wformat'
Unhandled flag '-Werror=format-security'
yes
------------------------------------------------------------------
Testing pyembed configuration
==>

#include <Python.h>
#ifdef __cplusplus
extern "C" {
#endif
	void Py_Initialize(void);
	void Py_Finalize(void);
#ifdef __cplusplus
}
#endif
int main(int argc, char **argv)
{
   (void)argc; (void)argv;
   Py_Initialize();
   Py_Finalize();
   return 0;
}

<==
[1/2] Compiling [32mbuild/.conf_check_87619a6d30f75818ef05e3d64fe11136/test.cpp[0m

['/usr/bin/g++', '-O0', '-ggdb', '-g3', '-Wall', '-Werror', '-std=c++11', '-g', '-fwrapv', '-O2', '-g', '-fstack-protector-strong', '-g', '-flto', '-fuse-linker-plugin', '-ffat-lto-objects', '-I/home/hank/env01/include/python3.5m', '-DNS3_BUILD_PROFILE_DEBUG', '-DNS3_ASSERT_ENABLE', '-DNS3_LOG_ENABLE', '-DPYTHONDIR="/usr/local/lib/python3.5/site-packages"', '-DPYTHONARCHDIR="/usr/local/lib/python3.5/site-packages"', '-DNDEBUG', '../test.cpp', '-c', '-o/home/hank/ns3gym-extention/build/.conf_check_87619a6d30f75818ef05e3d64fe11136/testbuild/test.cpp.1.o']
[2/2] Linking [33mbuild/.conf_check_87619a6d30f75818ef05e3d64fe11136/testbuild/testprog[0m

['/usr/bin/g++', '-Xlinker', '-export-dynamic', '-Wl,-O1', '-Wl,-Bsymbolic-functions', 'test.cpp.1.o', '-o/home/hank/ns3gym-extention/build/.conf_check_87619a6d30f75818ef05e3d64fe11136/testbuild/testprog', '-Wl,-Bstatic', '-Wl,-Bdynamic', '-lpython3.5m', '-lpthread', '-ldl', '-lutil', '-lm', '-lpython3.5m', '-lpthread', '-ldl', '-lutil', '-lm']
yes
------------------------------------------------------------------
Asking python-config for pyext '--cflags --libs --ldflags' flags
['/home/hank/env01/bin/python-config', '--cflags', '--libs', '--ldflags']
out: -I/home/hank/env01/include/python3.5m -I/home/hank/env01/include/python3.5m -Wno-unused-result -Wsign-compare -DNDEBUG -g -fwrapv -O2 -Wall -Wstrict-prototypes -g -fstack-protector-strong -Wformat -Werror=format-security -g -flto -fuse-linker-plugin -ffat-lto-objects
-lpython3.5m -lpthread -ldl -lutil -lm
-lpython3.5m -lpthread -ldl -lutil -lm -Xlinker -export-dynamic -Wl,-O1 -Wl,-Bsymbolic-functions

Unhandled flag '-Wno-unused-result'
Unhandled flag '-Wsign-compare'
Unhandled flag '-Wall'
Unhandled flag '-Wstrict-prototypes'
Unhandled flag '-Wformat'
Unhandled flag '-Werror=format-security'
yes
------------------------------------------------------------------
Testing pyext configuration
==>

#include <Python.h>
#ifdef __cplusplus
extern "C" {
#endif
	void Py_Initialize(void);
	void Py_Finalize(void);
#ifdef __cplusplus
}
#endif
int main(int argc, char **argv)
{
   (void)argc; (void)argv;
   Py_Initialize();
   Py_Finalize();
   return 0;
}

<==
[1/2] Compiling [32mbuild/.conf_check_2b409feecee81a1f79812cf406e4499e/test.cpp[0m

['/usr/bin/g++', '-O0', '-ggdb', '-g3', '-Wall', '-Werror', '-std=c++11', '-fPIC', '-g', '-fwrapv', '-O2', '-g', '-fstack-protector-strong', '-g', '-flto', '-fuse-linker-plugin', '-ffat-lto-objects', '-I/home/hank/env01/include/python3.5m', '-DNS3_BUILD_PROFILE_DEBUG', '-DNS3_ASSERT_ENABLE', '-DNS3_LOG_ENABLE', '-DPYTHONDIR="/usr/local/lib/python3.5/site-packages"', '-DPYTHONARCHDIR="/usr/local/lib/python3.5/site-packages"', '-DHAVE_PYEMBED=1', '-DNDEBUG', '../test.cpp', '-c', '-o/home/hank/ns3gym-extention/build/.conf_check_2b409feecee81a1f79812cf406e4499e/testbuild/test.cpp.1.o']
[2/2] Linking [33mbuild/.conf_check_2b409feecee81a1f79812cf406e4499e/testbuild/testprog.cpython-35m-x86_64-linux-gnu.so[0m

['/usr/bin/g++', '-shared', '-Xlinker', '-export-dynamic', '-Wl,-O1', '-Wl,-Bsymbolic-functions', 'test.cpp.1.o', '-o/home/hank/ns3gym-extention/build/.conf_check_2b409feecee81a1f79812cf406e4499e/testbuild/testprog.cpython-35m-x86_64-linux-gnu.so', '-Wl,-Bstatic', '-Wl,-Bdynamic', '-lpython3.5m', '-lpthread', '-ldl', '-lutil', '-lm', '-lpython3.5m', '-lpthread', '-ldl', '-lutil', '-lm']
yes
------------------------------------------------------------------
Checking for compilation flag -fvisibility=hidden support
==>
int main() { return 0; }
<==
[1/1] Compiling [32mbuild/.conf_check_a393ebc4c6148b7c5ea088c11bca679e/test.cpp[0m

['/usr/bin/g++', '-O0', '-ggdb', '-g3', '-Wall', '-Werror', '-std=c++11', '-fvisibility=hidden', '-DNS3_BUILD_PROFILE_DEBUG', '-DNS3_ASSERT_ENABLE', '-DNS3_LOG_ENABLE', '-DPYTHONDIR="/usr/local/lib/python3.5/site-packages"', '-DPYTHONARCHDIR="/usr/local/lib/python3.5/site-packages"', '-DHAVE_PYEMBED=1', '-DHAVE_PYEXT=1', '-DHAVE_PYTHON_H=1', '../test.cpp', '-c', '-o/home/hank/ns3gym-extention/build/.conf_check_a393ebc4c6148b7c5ea088c11bca679e/testbuild/test.cpp.1.o']
ok
------------------------------------------------------------------
Checking for compilation flag -Wno-array-bounds support
==>
int main() { return 0; }
<==
[1/1] Compiling [32mbuild/.conf_check_a393ebc4c6148b7c5ea088c11bca679e/test.cpp[0m

['/usr/bin/g++', '-O0', '-ggdb', '-g3', '-Wall', '-Werror', '-std=c++11', '-Wno-array-bounds', '-DNS3_BUILD_PROFILE_DEBUG', '-DNS3_ASSERT_ENABLE', '-DNS3_LOG_ENABLE', '-DPYTHONDIR="/usr/local/lib/python3.5/site-packages"', '-DPYTHONARCHDIR="/usr/local/lib/python3.5/site-packages"', '-DHAVE_PYEMBED=1', '-DHAVE_PYEXT=1', '-DHAVE_PYTHON_H=1', '../test.cpp', '-c', '-o/home/hank/ns3gym-extention/build/.conf_check_a393ebc4c6148b7c5ea088c11bca679e/testbuild/test.cpp.1.o']
ok
------------------------------------------------------------------
Checking for pybindgen location
not found
------------------------------------------------------------------
Checking for python module 'pybindgen'
['/home/hank/env01/bin/python', '-c', "\nimport pybindgen as current_module\nversion = getattr(current_module, '__version__', None)\nif version is not None:\n\tprint(str(version))\nelse:\n\tprint('unknown version')\n"]
out: 0.20.1

0.20.1
------------------------------------------------------------------
Checking for pybindgen version
0.20.1
------------------------------------------------------------------
Checking for code snippet
==>

#include <stdint.h>
#include <vector>

int main ()
{
   std::vector< uint64_t > t = std::vector< unsigned long > ();
   return 0;
}

<==
[1/1] Compiling [32mbuild/.conf_check_ab8766e73629aa3b4752dec879eea0c8/test.cpp[0m

['/usr/bin/g++', '-O0', '-ggdb', '-g3', '-Wall', '-Werror', '-std=c++11', '-DNS3_BUILD_PROFILE_DEBUG', '-DNS3_ASSERT_ENABLE', '-DNS3_LOG_ENABLE', '-DPYTHONDIR="/usr/local/lib/python3.5/site-packages"', '-DPYTHONARCHDIR="/usr/local/lib/python3.5/site-packages"', '-DHAVE_PYEMBED=1', '-DHAVE_PYEXT=1', '-DHAVE_PYTHON_H=1', '../test.cpp', '-c', '-o/home/hank/ns3gym-extention/build/.conf_check_ab8766e73629aa3b4752dec879eea0c8/testbuild/test.cpp.1.o']
yes
------------------------------------------------------------------
Checking for types uint64_t and unsigned long equivalence
no
------------------------------------------------------------------
Checking for code snippet
==>

#include <stdint.h>
#include <vector>

int main ()
{
   std::vector< uint64_t > t = std::vector< unsigned long long > ();
   return 0;
}

<==
[1/1] Compiling [32mbuild/.conf_check_4c82aa73dcfc4514a35172f7f444cf16/test.cpp[0m

['/usr/bin/g++', '-O0', '-ggdb', '-g3', '-Wall', '-Werror', '-std=c++11', '-DNS3_BUILD_PROFILE_DEBUG', '-DNS3_ASSERT_ENABLE', '-DNS3_LOG_ENABLE', '-DPYTHONDIR="/usr/local/lib/python3.5/site-packages"', '-DPYTHONARCHDIR="/usr/local/lib/python3.5/site-packages"', '-DHAVE_PYEMBED=1', '-DHAVE_PYEXT=1', '-DHAVE_PYTHON_H=1', '../test.cpp', '-c', '-o/home/hank/ns3gym-extention/build/.conf_check_4c82aa73dcfc4514a35172f7f444cf16/testbuild/test.cpp.1.o']
err: ../test.cpp: In function ‘int main()’:
../test.cpp:7:67: error: conversion from ‘std::vector<long long unsigned int>’ to non-scalar type ‘std::vector<long unsigned int>’ requested
    std::vector< uint64_t > t = std::vector< unsigned long long > ();
                                                                   ^

from /home/hank/ns3gym-extention/bindings/python: Test does not build: Traceback (most recent call last):
  File "/home/hank/ns3gym-extention/.waf3-2.0.9-897e824215d3dab2b64982d8af27db90/waflib/Configure.py", line 324, in run_build
    bld.compile()
  File "/home/hank/ns3gym-extention/.waf3-2.0.9-897e824215d3dab2b64982d8af27db90/waflib/Build.py", line 176, in compile
    raise Errors.BuildError(self.producer.error)
waflib.Errors.BuildError: Build failed
 -> task in 'testprog' failed with exit status 1 (run with -v to display more information)

no
from /home/hank/ns3gym-extention/bindings/python: The configuration failed
------------------------------------------------------------------
Checking for types uint64_t and unsigned long long equivalence
yes
------------------------------------------------------------------
Checking for the apidefs that can be used for Python bindings
gcc-LP64
------------------------------------------------------------------
Checking for internal GCC cxxabi
==>

# include <cxxabi.h>
int main ()
{
   const abi::__si_class_type_info *_typeinfo  __attribute__((unused)) = NULL;
   return 0;
}

<==
[1/2] Compiling [32mbuild/.conf_check_fca8057dff1652c7963a47419d6a2344/test.cpp[0m

['/usr/bin/g++', '-O0', '-ggdb', '-g3', '-Wall', '-Werror', '-std=c++11', '-DNS3_BUILD_PROFILE_DEBUG', '-DNS3_ASSERT_ENABLE', '-DNS3_LOG_ENABLE', '-DPYTHONDIR="/usr/local/lib/python3.5/site-packages"', '-DPYTHONARCHDIR="/usr/local/lib/python3.5/site-packages"', '-DHAVE_PYEMBED=1', '-DHAVE_PYEXT=1', '-DHAVE_PYTHON_H=1', '../test.cpp', '-c', '-o/home/hank/ns3gym-extention/build/.conf_check_fca8057dff1652c7963a47419d6a2344/testbuild/test.cpp.1.o']
[2/2] Linking [33mbuild/.conf_check_fca8057dff1652c7963a47419d6a2344/testbuild/testprog[0m

['/usr/bin/g++', 'test.cpp.1.o', '-o/home/hank/ns3gym-extention/build/.conf_check_fca8057dff1652c7963a47419d6a2344/testbuild/testprog', '-Wl,-Bstatic', '-Wl,-Bdynamic']
complete
------------------------------------------------------------------
Checking for python module 'pygccxml'
['/home/hank/env01/bin/python', '-c', "\nimport pygccxml as current_module\nversion = getattr(current_module, '__version__', None)\nif version is not None:\n\tprint(str(version))\nelse:\n\tprint('unknown version')\n"]
out: 1.9.1

1.9.1
------------------------------------------------------------------
Checking for pygccxml version
1.9.1
------------------------------------------------------------------
Checking for program 'castxml'
/usr/bin/castxml
find program=['castxml'] paths=['/home/hank/env01/bin', '/home/hank/.vscode-server/bin/0ba0ca52957102ca3527cf479571617f0de6ed50/bin', '/home/hank/bin', '/home/hank/.local/bin', '/home/hank/.vscode-server/bin/0ba0ca52957102ca3527cf479571617f0de6ed50/bin', '/usr/local/sbin', '/usr/local/bin', '/usr/sbin', '/usr/bin', '/sbin', '/bin', '/usr/games', '/usr/local/games', '/snap/bin'] var='CASTXML' -> ['/usr/bin/castxml']
------------------------------------------------------------------
Checking for castxml version
0.1
------------------------------------------------------------------
Checking boost includes
1_58
------------------------------------------------------------------
Checking boost libs
Found the boost path in /usr/lib/x86_64-linux-gnu with the libraries:
    /usr/lib/x86_64-linux-gnu/libboost_date_time.so.1.58.0
    /usr/lib/x86_64-linux-gnu/libboost_filesystem.a
    /usr/lib/x86_64-linux-gnu/libboost_filesystem.so
    /usr/lib/x86_64-linux-gnu/libboost_filesystem.so.1.58.0
    /usr/lib/x86_64-linux-gnu/libboost_iostreams.so.1.58.0
    /usr/lib/x86_64-linux-gnu/libboost_random.so.1.58.0
    /usr/lib/x86_64-linux-gnu/libboost_signals.a
    /usr/lib/x86_64-linux-gnu/libboost_signals.so
    /usr/lib/x86_64-linux-gnu/libboost_signals.so.1.58.0
    /usr/lib/x86_64-linux-gnu/libboost_system.a
    /usr/lib/x86_64-linux-gnu/libboost_system.so
    /usr/lib/x86_64-linux-gnu/libboost_system.so.1.58.0
    /usr/lib/x86_64-linux-gnu/libboost_thread.so.1.58.0
Trying pattern boost_system(-gcc[0-9]{0,3})-1_58.so$
Trying pattern boost_system-1_58.so$
Trying pattern boost_system(-gcc[0-9]{0,3}).so$
Trying pattern boost_system.so$
Found boost lib /usr/lib/x86_64-linux-gnu/libboost_system.so
Trying pattern boost_signals(-gcc[0-9]{0,3})-1_58.so$
Trying pattern boost_signals-1_58.so$
Trying pattern boost_signals(-gcc[0-9]{0,3}).so$
Trying pattern boost_signals.so$
Found boost lib /usr/lib/x86_64-linux-gnu/libboost_signals.so
Trying pattern boost_filesystem(-gcc[0-9]{0,3})-1_58.so$
Trying pattern boost_filesystem-1_58.so$
Trying pattern boost_filesystem(-gcc[0-9]{0,3}).so$
Trying pattern boost_filesystem.so$
Found boost lib /usr/lib/x86_64-linux-gnu/libboost_filesystem.so
ok
------------------------------------------------------------------
Checking for boost linkage
==>

#include <boost/system/error_code.hpp>
int main() { boost::system::error_code c; }

<==
[1/2] Compiling [32mbuild/.conf_check_48c7f2290918f1645aa093b9b4d79586/test.cpp[0m

['/usr/bin/g++', '-O0', '-ggdb', '-g3', '-Wall', '-Werror', '-std=c++11', '-I/usr/include', '-DNS3_BUILD_PROFILE_DEBUG', '-DNS3_ASSERT_ENABLE', '-DNS3_LOG_ENABLE', '-DPYTHONDIR="/usr/local/lib/python3.5/site-packages"', '-DPYTHONARCHDIR="/usr/local/lib/python3.5/site-packages"', '-DHAVE_PYEMBED=1', '-DHAVE_PYEXT=1', '-DHAVE_PYTHON_H=1', '../test.cpp', '-c', '-o/home/hank/ns3gym-extention/build/.conf_check_48c7f2290918f1645aa093b9b4d79586/testbuild/test.cpp.1.o']
[2/2] Linking [33mbuild/.conf_check_48c7f2290918f1645aa093b9b4d79586/testbuild/testprog[0m

['/usr/bin/g++', 'test.cpp.1.o', '-o/home/hank/ns3gym-extention/build/.conf_check_48c7f2290918f1645aa093b9b4d79586/testbuild/testprog', '-Wl,-Bstatic', '-L/usr/lib/x86_64-linux-gnu', '-Wl,-Bdynamic', '-L/usr/lib/x86_64-linux-gnu', '-lboost_system', '-lboost_signals', '-lboost_filesystem']
ok
------------------------------------------------------------------
Checking for click location
not found
------------------------------------------------------------------
Checking for program 'pkg-config'
/usr/bin/pkg-config
find program=['pkg-config'] paths=['/home/hank/env01/bin', '/home/hank/.vscode-server/bin/0ba0ca52957102ca3527cf479571617f0de6ed50/bin', '/home/hank/bin', '/home/hank/.local/bin', '/home/hank/.vscode-server/bin/0ba0ca52957102ca3527cf479571617f0de6ed50/bin', '/usr/local/sbin', '/usr/local/bin', '/usr/sbin', '/usr/bin', '/sbin', '/bin', '/usr/games', '/usr/local/games', '/snap/bin'] var='PKGCONFIG' -> ['/usr/bin/pkg-config']
------------------------------------------------------------------
Checking for 'gtk+-3.0'
['/usr/bin/pkg-config', '--cflags', '--libs', 'gtk+-3.0']
err: Package gtk+-3.0 was not found in the pkg-config search path.
Perhaps you should add the directory containing `gtk+-3.0.pc'
to the PKG_CONFIG_PATH environment variable
No package 'gtk+-3.0' found

not found
from /home/hank/ns3gym-extention/src/config-store: The configuration failed
------------------------------------------------------------------
Checking for 'libxml-2.0'
['/usr/bin/pkg-config', '--cflags', '--libs', 'libxml-2.0']
out: -I/usr/include/libxml2 -lxml2

yes
------------------------------------------------------------------
checking for uint128_t
==>

        #include <stdint.h>
        
        int main(int argc, char **argv) {
	(void)argc; (void)argv;
	if ((uint128_t *) 0) return 0;
	if (sizeof (uint128_t)) return 0;
	return 1;
        }
        
<==
[1/2] Compiling [32mbuild/.conf_check_0673d68bf958625b9296b5457e733e51/test.cpp[0m

['/usr/bin/g++', '-O0', '-ggdb', '-g3', '-Wall', '-Werror', '-std=c++11', '-DNS3_BUILD_PROFILE_DEBUG', '-DNS3_ASSERT_ENABLE', '-DNS3_LOG_ENABLE', '../test.cpp', '-c', '-o/home/hank/ns3gym-extention/build/.conf_check_0673d68bf958625b9296b5457e733e51/testbuild/test.cpp.1.o']
err: ../test.cpp: In function ‘int main(int, char**)’:
../test.cpp:6:7: error: ‘uint128_t’ was not declared in this scope
  if ((uint128_t *) 0) return 0;
       ^
../test.cpp:6:18: error: expected primary-expression before ‘)’ token
  if ((uint128_t *) 0) return 0;
                  ^
../test.cpp:6:20: error: expected ‘)’ before numeric constant
  if ((uint128_t *) 0) return 0;
                    ^
../test.cpp:7:14: error: ‘uint128_t’ was not declared in this scope
  if (sizeof (uint128_t)) return 0;
              ^

from /home/hank/ns3gym-extention/src/core: Test does not build: Traceback (most recent call last):
  File "/home/hank/ns3gym-extention/.waf3-2.0.9-897e824215d3dab2b64982d8af27db90/waflib/Configure.py", line 324, in run_build
    bld.compile()
  File "/home/hank/ns3gym-extention/.waf3-2.0.9-897e824215d3dab2b64982d8af27db90/waflib/Build.py", line 176, in compile
    raise Errors.BuildError(self.producer.error)
waflib.Errors.BuildError: Build failed
 -> task in 'testprog' failed with exit status 1 (run with -v to display more information)

not found
from /home/hank/ns3gym-extention/src/core: The configuration failed
------------------------------------------------------------------
checking for __uint128_t
==>

        #include <stdint.h>
        
        int main(int argc, char **argv) {
	(void)argc; (void)argv;
	if ((__uint128_t *) 0) return 0;
	if (sizeof (__uint128_t)) return 0;
	return 1;
        }
        
<==
[1/2] Compiling [32mbuild/.conf_check_9c0bfaee4d5ef233620d522a717ee94d/test.cpp[0m

['/usr/bin/g++', '-O0', '-ggdb', '-g3', '-Wall', '-Werror', '-std=c++11', '-DNS3_BUILD_PROFILE_DEBUG', '-DNS3_ASSERT_ENABLE', '-DNS3_LOG_ENABLE', '../test.cpp', '-c', '-o/home/hank/ns3gym-extention/build/.conf_check_9c0bfaee4d5ef233620d522a717ee94d/testbuild/test.cpp.1.o']
[2/2] Linking [33mbuild/.conf_check_9c0bfaee4d5ef233620d522a717ee94d/testbuild/testprog[0m

['/usr/bin/g++', 'test.cpp.1.o', '-o/home/hank/ns3gym-extention/build/.conf_check_9c0bfaee4d5ef233620d522a717ee94d/testbuild/testprog', '-Wl,-Bstatic', '-Wl,-Bdynamic']
yes
------------------------------------------------------------------
Checking high precision implementation
128-bit integer (default)
------------------------------------------------------------------
Checking for header stdint.h
==>
#include <stdint.h>

int main(int argc, char **argv) {
	(void)argc; (void)argv;
	return 0;
}

<==
[1/2] Compiling [32mbuild/.conf_check_57a3962bd4d3e1d3c389ac30364a4ae7/test.cpp[0m

['/usr/bin/g++', '-O0', '-ggdb', '-g3', '-Wall', '-Werror', '-std=c++11', '-DNS3_BUILD_PROFILE_DEBUG', '-DNS3_ASSERT_ENABLE', '-DNS3_LOG_ENABLE', '-DHAVE___UINT128_T=1', '-DINT64X64_USE_128=1', '../test.cpp', '-c', '-o/home/hank/ns3gym-extention/build/.conf_check_57a3962bd4d3e1d3c389ac30364a4ae7/testbuild/test.cpp.1.o']
[2/2] Linking [33mbuild/.conf_check_57a3962bd4d3e1d3c389ac30364a4ae7/testbuild/testprog[0m

['/usr/bin/g++', 'test.cpp.1.o', '-o/home/hank/ns3gym-extention/build/.conf_check_57a3962bd4d3e1d3c389ac30364a4ae7/testbuild/testprog', '-Wl,-Bstatic', '-Wl,-Bdynamic']
yes
------------------------------------------------------------------
Checking for header inttypes.h
==>
#include <inttypes.h>

int main(int argc, char **argv) {
	(void)argc; (void)argv;
	return 0;
}

<==
[1/2] Compiling [32mbuild/.conf_check_5bebc9a222a2808dc6c6306a7419f168/test.cpp[0m

['/usr/bin/g++', '-O0', '-ggdb', '-g3', '-Wall', '-Werror', '-std=c++11', '-DNS3_BUILD_PROFILE_DEBUG', '-DNS3_ASSERT_ENABLE', '-DNS3_LOG_ENABLE', '-DHAVE___UINT128_T=1', '-DINT64X64_USE_128=1', '-DHAVE_STDINT_H=1', '../test.cpp', '-c', '-o/home/hank/ns3gym-extention/build/.conf_check_5bebc9a222a2808dc6c6306a7419f168/testbuild/test.cpp.1.o']
[2/2] Linking [33mbuild/.conf_check_5bebc9a222a2808dc6c6306a7419f168/testbuild/testprog[0m

['/usr/bin/g++', 'test.cpp.1.o', '-o/home/hank/ns3gym-extention/build/.conf_check_5bebc9a222a2808dc6c6306a7419f168/testbuild/testprog', '-Wl,-Bstatic', '-Wl,-Bdynamic']
yes
------------------------------------------------------------------
Checking for header sys/inttypes.h
==>
#include <sys/inttypes.h>

int main(int argc, char **argv) {
	(void)argc; (void)argv;
	return 0;
}

<==
[1/2] Compiling [32mbuild/.conf_check_fab35194ffdaef6a322e2c3e3592be68/test.cpp[0m

['/usr/bin/g++', '-O0', '-ggdb', '-g3', '-Wall', '-Werror', '-std=c++11', '-DNS3_BUILD_PROFILE_DEBUG', '-DNS3_ASSERT_ENABLE', '-DNS3_LOG_ENABLE', '-DHAVE___UINT128_T=1', '-DINT64X64_USE_128=1', '-DHAVE_STDINT_H=1', '-DHAVE_INTTYPES_H=1', '../test.cpp', '-c', '-o/home/hank/ns3gym-extention/build/.conf_check_fab35194ffdaef6a322e2c3e3592be68/testbuild/test.cpp.1.o']
err: ../test.cpp:1:26: fatal error: sys/inttypes.h: No such file or directory
compilation terminated.

from /home/hank/ns3gym-extention/src/core: Test does not build: Traceback (most recent call last):
  File "/home/hank/ns3gym-extention/.waf3-2.0.9-897e824215d3dab2b64982d8af27db90/waflib/Configure.py", line 324, in run_build
    bld.compile()
  File "/home/hank/ns3gym-extention/.waf3-2.0.9-897e824215d3dab2b64982d8af27db90/waflib/Build.py", line 176, in compile
    raise Errors.BuildError(self.producer.error)
waflib.Errors.BuildError: Build failed
 -> task in 'testprog' failed with exit status 1 (run with -v to display more information)

not found
from /home/hank/ns3gym-extention/src/core: The configuration failed
------------------------------------------------------------------
Checking for header sys/types.h
==>
#include <sys/types.h>

int main(int argc, char **argv) {
	(void)argc; (void)argv;
	return 0;
}

<==
[1/2] Compiling [32mbuild/.conf_check_d5d16bde7213c7f2029f281b995415f3/test.cpp[0m

['/usr/bin/g++', '-O0', '-ggdb', '-g3', '-Wall', '-Werror', '-std=c++11', '-DNS3_BUILD_PROFILE_DEBUG', '-DNS3_ASSERT_ENABLE', '-DNS3_LOG_ENABLE', '-DHAVE___UINT128_T=1', '-DINT64X64_USE_128=1', '-DHAVE_STDINT_H=1', '-DHAVE_INTTYPES_H=1', '../test.cpp', '-c', '-o/home/hank/ns3gym-extention/build/.conf_check_d5d16bde7213c7f2029f281b995415f3/testbuild/test.cpp.1.o']
[2/2] Linking [33mbuild/.conf_check_d5d16bde7213c7f2029f281b995415f3/testbuild/testprog[0m

['/usr/bin/g++', 'test.cpp.1.o', '-o/home/hank/ns3gym-extention/build/.conf_check_d5d16bde7213c7f2029f281b995415f3/testbuild/testprog', '-Wl,-Bstatic', '-Wl,-Bdynamic']
yes
------------------------------------------------------------------
Checking for header sys/stat.h
==>
#include <sys/stat.h>

int main(int argc, char **argv) {
	(void)argc; (void)argv;
	return 0;
}

<==
[1/2] Compiling [32mbuild/.conf_check_bae4a9235dcae7f988cae86fc9626d5c/test.cpp[0m

['/usr/bin/g++', '-O0', '-ggdb', '-g3', '-Wall', '-Werror', '-std=c++11', '-DNS3_BUILD_PROFILE_DEBUG', '-DNS3_ASSERT_ENABLE', '-DNS3_LOG_ENABLE', '-DHAVE___UINT128_T=1', '-DINT64X64_USE_128=1', '-DHAVE_STDINT_H=1', '-DHAVE_INTTYPES_H=1', '-DHAVE_SYS_TYPES_H=1', '../test.cpp', '-c', '-o/home/hank/ns3gym-extention/build/.conf_check_bae4a9235dcae7f988cae86fc9626d5c/testbuild/test.cpp.1.o']
[2/2] Linking [33mbuild/.conf_check_bae4a9235dcae7f988cae86fc9626d5c/testbuild/testprog[0m

['/usr/bin/g++', 'test.cpp.1.o', '-o/home/hank/ns3gym-extention/build/.conf_check_bae4a9235dcae7f988cae86fc9626d5c/testbuild/testprog', '-Wl,-Bstatic', '-Wl,-Bdynamic']
yes
------------------------------------------------------------------
Checking for header dirent.h
==>
#include <dirent.h>

int main(int argc, char **argv) {
	(void)argc; (void)argv;
	return 0;
}

<==
[1/2] Compiling [32mbuild/.conf_check_df55dd2f389b3ffee0dca67bff4b498b/test.cpp[0m

['/usr/bin/g++', '-O0', '-ggdb', '-g3', '-Wall', '-Werror', '-std=c++11', '-DNS3_BUILD_PROFILE_DEBUG', '-DNS3_ASSERT_ENABLE', '-DNS3_LOG_ENABLE', '-DHAVE___UINT128_T=1', '-DINT64X64_USE_128=1', '-DHAVE_STDINT_H=1', '-DHAVE_INTTYPES_H=1', '-DHAVE_SYS_TYPES_H=1', '-DHAVE_SYS_STAT_H=1', '../test.cpp', '-c', '-o/home/hank/ns3gym-extention/build/.conf_check_df55dd2f389b3ffee0dca67bff4b498b/testbuild/test.cpp.1.o']
[2/2] Linking [33mbuild/.conf_check_df55dd2f389b3ffee0dca67bff4b498b/testbuild/testprog[0m

['/usr/bin/g++', 'test.cpp.1.o', '-o/home/hank/ns3gym-extention/build/.conf_check_df55dd2f389b3ffee0dca67bff4b498b/testbuild/testprog', '-Wl,-Bstatic', '-Wl,-Bdynamic']
yes
------------------------------------------------------------------
Checking for header stdlib.h
==>
#include <stdlib.h>

int main(int argc, char **argv) {
	(void)argc; (void)argv;
	return 0;
}

<==
[1/2] Compiling [32mbuild/.conf_check_eebc585bdc6bc30101685f47ba709d95/test.cpp[0m

['/usr/bin/g++', '-O0', '-ggdb', '-g3', '-Wall', '-Werror', '-std=c++11', '-DNS3_BUILD_PROFILE_DEBUG', '-DNS3_ASSERT_ENABLE', '-DNS3_LOG_ENABLE', '-DHAVE___UINT128_T=1', '-DINT64X64_USE_128=1', '-DHAVE_STDINT_H=1', '-DHAVE_INTTYPES_H=1', '-DHAVE_SYS_TYPES_H=1', '-DHAVE_SYS_STAT_H=1', '-DHAVE_DIRENT_H=1', '../test.cpp', '-c', '-o/home/hank/ns3gym-extention/build/.conf_check_eebc585bdc6bc30101685f47ba709d95/testbuild/test.cpp.1.o']
[2/2] Linking [33mbuild/.conf_check_eebc585bdc6bc30101685f47ba709d95/testbuild/testprog[0m

['/usr/bin/g++', 'test.cpp.1.o', '-o/home/hank/ns3gym-extention/build/.conf_check_eebc585bdc6bc30101685f47ba709d95/testbuild/testprog', '-Wl,-Bstatic', '-Wl,-Bdynamic']
yes
------------------------------------------------------------------
Checking for header signal.h
==>
#include <signal.h>

int main(int argc, char **argv) {
	(void)argc; (void)argv;
	return 0;
}

<==
[1/2] Compiling [32mbuild/.conf_check_a707ae5f0d20f89688d57cce2f6132c6/test.cpp[0m

['/usr/bin/g++', '-O0', '-ggdb', '-g3', '-Wall', '-Werror', '-std=c++11', '-DNS3_BUILD_PROFILE_DEBUG', '-DNS3_ASSERT_ENABLE', '-DNS3_LOG_ENABLE', '-DHAVE___UINT128_T=1', '-DINT64X64_USE_128=1', '-DHAVE_STDINT_H=1', '-DHAVE_INTTYPES_H=1', '-DHAVE_SYS_TYPES_H=1', '-DHAVE_SYS_STAT_H=1', '-DHAVE_DIRENT_H=1', '-DHAVE_STDLIB_H=1', '-DHAVE_GETENV=1', '../test.cpp', '-c', '-o/home/hank/ns3gym-extention/build/.conf_check_a707ae5f0d20f89688d57cce2f6132c6/testbuild/test.cpp.1.o']
[2/2] Linking [33mbuild/.conf_check_a707ae5f0d20f89688d57cce2f6132c6/testbuild/testprog[0m

['/usr/bin/g++', 'test.cpp.1.o', '-o/home/hank/ns3gym-extention/build/.conf_check_a707ae5f0d20f89688d57cce2f6132c6/testbuild/testprog', '-Wl,-Bstatic', '-Wl,-Bdynamic']
yes
------------------------------------------------------------------
Checking for header pthread.h
==>

#include <pthread.h>
int main ()
{
   pthread_mutex_t m;
   pthread_mutex_init (&m, NULL);
   return 0;
}

<==
[1/2] Compiling [32mbuild/.conf_check_ed1bc174a57d145077cc541dd1713516/test.cpp[0m

['/usr/bin/g++', '-O0', '-ggdb', '-g3', '-Wall', '-Werror', '-std=c++11', '-pthread', '-DNS3_BUILD_PROFILE_DEBUG', '-DNS3_ASSERT_ENABLE', '-DNS3_LOG_ENABLE', '-DHAVE___UINT128_T=1', '-DINT64X64_USE_128=1', '-DHAVE_STDINT_H=1', '-DHAVE_INTTYPES_H=1', '-DHAVE_SYS_TYPES_H=1', '-DHAVE_SYS_STAT_H=1', '-DHAVE_DIRENT_H=1', '-DHAVE_STDLIB_H=1', '-DHAVE_GETENV=1', '-DHAVE_SIGNAL_H=1', '../test.cpp', '-c', '-o/home/hank/ns3gym-extention/build/.conf_check_ed1bc174a57d145077cc541dd1713516/testbuild/test.cpp.1.o']
[2/2] Linking [33mbuild/.conf_check_ed1bc174a57d145077cc541dd1713516/testbuild/testprog[0m

['/usr/bin/g++', '-pthread', 'test.cpp.1.o', '-o/home/hank/ns3gym-extention/build/.conf_check_ed1bc174a57d145077cc541dd1713516/testbuild/testprog', '-Wl,-Bstatic', '-Wl,-Bdynamic']
yes
------------------------------------------------------------------
Checking for header stdint.h
==>
#include <stdint.h>

int main(int argc, char **argv) {
	(void)argc; (void)argv;
	return 0;
}

<==
[1/2] Compiling [32mbuild/.conf_check_57a3962bd4d3e1d3c389ac30364a4ae7/test.cpp[0m

['/usr/bin/g++', '-O0', '-ggdb', '-g3', '-Wall', '-Werror', '-std=c++11', '-DNS3_BUILD_PROFILE_DEBUG', '-DNS3_ASSERT_ENABLE', '-DNS3_LOG_ENABLE', '-DHAVE___UINT128_T=1', '-DINT64X64_USE_128=1', '-DHAVE_INTTYPES_H=1', '-DHAVE_SYS_TYPES_H=1', '-DHAVE_SYS_STAT_H=1', '-DHAVE_DIRENT_H=1', '-DHAVE_STDLIB_H=1', '-DHAVE_GETENV=1', '-DHAVE_SIGNAL_H=1', '-DHAVE_PTHREAD_H=1', '../test.cpp', '-c', '-o/home/hank/ns3gym-extention/build/.conf_check_57a3962bd4d3e1d3c389ac30364a4ae7/testbuild/test.cpp.1.o']
[2/2] Linking [33mbuild/.conf_check_57a3962bd4d3e1d3c389ac30364a4ae7/testbuild/testprog[0m

['/usr/bin/g++', 'test.cpp.1.o', '-o/home/hank/ns3gym-extention/build/.conf_check_57a3962bd4d3e1d3c389ac30364a4ae7/testbuild/testprog', '-Wl,-Bstatic', '-Wl,-Bdynamic']
yes
------------------------------------------------------------------
Checking for header inttypes.h
==>
#include <inttypes.h>

int main(int argc, char **argv) {
	(void)argc; (void)argv;
	return 0;
}

<==
[1/2] Compiling [32mbuild/.conf_check_5bebc9a222a2808dc6c6306a7419f168/test.cpp[0m

['/usr/bin/g++', '-O0', '-ggdb', '-g3', '-Wall', '-Werror', '-std=c++11', '-DNS3_BUILD_PROFILE_DEBUG', '-DNS3_ASSERT_ENABLE', '-DNS3_LOG_ENABLE', '-DHAVE___UINT128_T=1', '-DINT64X64_USE_128=1', '-DHAVE_SYS_TYPES_H=1', '-DHAVE_SYS_STAT_H=1', '-DHAVE_DIRENT_H=1', '-DHAVE_STDLIB_H=1', '-DHAVE_GETENV=1', '-DHAVE_SIGNAL_H=1', '-DHAVE_PTHREAD_H=1', '-DHAVE_STDINT_H=1', '../test.cpp', '-c', '-o/home/hank/ns3gym-extention/build/.conf_check_5bebc9a222a2808dc6c6306a7419f168/testbuild/test.cpp.1.o']
[2/2] Linking [33mbuild/.conf_check_5bebc9a222a2808dc6c6306a7419f168/testbuild/testprog[0m

['/usr/bin/g++', 'test.cpp.1.o', '-o/home/hank/ns3gym-extention/build/.conf_check_5bebc9a222a2808dc6c6306a7419f168/testbuild/testprog', '-Wl,-Bstatic', '-Wl,-Bdynamic']
yes
------------------------------------------------------------------
Checking for header sys/inttypes.h
==>
#include <sys/inttypes.h>

int main(int argc, char **argv) {
	(void)argc; (void)argv;
	return 0;
}

<==
[1/2] Compiling [32mbuild/.conf_check_fab35194ffdaef6a322e2c3e3592be68/test.cpp[0m

['/usr/bin/g++', '-O0', '-ggdb', '-g3', '-Wall', '-Werror', '-std=c++11', '-DNS3_BUILD_PROFILE_DEBUG', '-DNS3_ASSERT_ENABLE', '-DNS3_LOG_ENABLE', '-DHAVE___UINT128_T=1', '-DINT64X64_USE_128=1', '-DHAVE_SYS_TYPES_H=1', '-DHAVE_SYS_STAT_H=1', '-DHAVE_DIRENT_H=1', '-DHAVE_STDLIB_H=1', '-DHAVE_GETENV=1', '-DHAVE_SIGNAL_H=1', '-DHAVE_PTHREAD_H=1', '-DHAVE_STDINT_H=1', '-DHAVE_INTTYPES_H=1', '../test.cpp', '-c', '-o/home/hank/ns3gym-extention/build/.conf_check_fab35194ffdaef6a322e2c3e3592be68/testbuild/test.cpp.1.o']
err: ../test.cpp:1:26: fatal error: sys/inttypes.h: No such file or directory
compilation terminated.

from /home/hank/ns3gym-extention/src/core: Test does not build: Traceback (most recent call last):
  File "/home/hank/ns3gym-extention/.waf3-2.0.9-897e824215d3dab2b64982d8af27db90/waflib/Configure.py", line 324, in run_build
    bld.compile()
  File "/home/hank/ns3gym-extention/.waf3-2.0.9-897e824215d3dab2b64982d8af27db90/waflib/Build.py", line 176, in compile
    raise Errors.BuildError(self.producer.error)
waflib.Errors.BuildError: Build failed
 -> task in 'testprog' failed with exit status 1 (run with -v to display more information)

not found
from /home/hank/ns3gym-extention/src/core: The configuration failed
------------------------------------------------------------------
Checking for library rt
==>

int main(int argc, char **argv) {
	(void)argc; (void)argv;
	return 0;
}

<==
[1/2] Compiling [32mbuild/.conf_check_3fc2c68b56783f4b72e40a101bb33bce/test.cpp[0m

['/usr/bin/g++', '-O0', '-ggdb', '-g3', '-Wall', '-Werror', '-std=c++11', '-pthread', '-DNS3_BUILD_PROFILE_DEBUG', '-DNS3_ASSERT_ENABLE', '-DNS3_LOG_ENABLE', '-DHAVE___UINT128_T=1', '-DINT64X64_USE_128=1', '-DHAVE_SYS_TYPES_H=1', '-DHAVE_SYS_STAT_H=1', '-DHAVE_DIRENT_H=1', '-DHAVE_STDLIB_H=1', '-DHAVE_GETENV=1', '-DHAVE_SIGNAL_H=1', '-DHAVE_PTHREAD_H=1', '-DHAVE_STDINT_H=1', '-DHAVE_INTTYPES_H=1', '../test.cpp', '-c', '-o/home/hank/ns3gym-extention/build/.conf_check_3fc2c68b56783f4b72e40a101bb33bce/testbuild/test.cpp.1.o']
[2/2] Linking [33mbuild/.conf_check_3fc2c68b56783f4b72e40a101bb33bce/testbuild/testprog[0m

['/usr/bin/g++', '-pthread', 'test.cpp.1.o', '-o/home/hank/ns3gym-extention/build/.conf_check_3fc2c68b56783f4b72e40a101bb33bce/testbuild/testprog', '-Wl,-Bstatic', '-Wl,-Bdynamic', '-lrt']
yes
------------------------------------------------------------------
Checking for header sys/ioctl.h
==>
#include <sys/ioctl.h>

int main(int argc, char **argv) {
	(void)argc; (void)argv;
	return 0;
}

<==
[1/2] Compiling [32mbuild/.conf_check_79a59a6edacc0872daca6cfa3e514471/test.cpp[0m

['/usr/bin/g++', '-O0', '-ggdb', '-g3', '-Wall', '-Werror', '-std=c++11', '-DNS3_BUILD_PROFILE_DEBUG', '-DNS3_ASSERT_ENABLE', '-DNS3_LOG_ENABLE', '../test.cpp', '-c', '-o/home/hank/ns3gym-extention/build/.conf_check_79a59a6edacc0872daca6cfa3e514471/testbuild/test.cpp.1.o']
[2/2] Linking [33mbuild/.conf_check_79a59a6edacc0872daca6cfa3e514471/testbuild/testprog[0m

['/usr/bin/g++', 'test.cpp.1.o', '-o/home/hank/ns3gym-extention/build/.conf_check_79a59a6edacc0872daca6cfa3e514471/testbuild/testprog', '-Wl,-Bstatic', '-Wl,-Bdynamic']
yes
------------------------------------------------------------------
Checking for header net/if.h
==>
#include <net/if.h>

int main(int argc, char **argv) {
	(void)argc; (void)argv;
	return 0;
}

<==
[1/2] Compiling [32mbuild/.conf_check_99b254473ca6e80cde5df6874a81e901/test.cpp[0m

['/usr/bin/g++', '-O0', '-ggdb', '-g3', '-Wall', '-Werror', '-std=c++11', '-DNS3_BUILD_PROFILE_DEBUG', '-DNS3_ASSERT_ENABLE', '-DNS3_LOG_ENABLE', '-DHAVE_SYS_IOCTL_H=1', '../test.cpp', '-c', '-o/home/hank/ns3gym-extention/build/.conf_check_99b254473ca6e80cde5df6874a81e901/testbuild/test.cpp.1.o']
[2/2] Linking [33mbuild/.conf_check_99b254473ca6e80cde5df6874a81e901/testbuild/testprog[0m

['/usr/bin/g++', 'test.cpp.1.o', '-o/home/hank/ns3gym-extention/build/.conf_check_99b254473ca6e80cde5df6874a81e901/testbuild/testprog', '-Wl,-Bstatic', '-Wl,-Bdynamic']
yes
------------------------------------------------------------------
Checking for header net/ethernet.h
==>
#include <net/ethernet.h>

int main(int argc, char **argv) {
	(void)argc; (void)argv;
	return 0;
}

<==
[1/2] Compiling [32mbuild/.conf_check_e71230128b6922ddb5d763de9f48f65d/test.cpp[0m

['/usr/bin/g++', '-O0', '-ggdb', '-g3', '-Wall', '-Werror', '-std=c++11', '-DNS3_BUILD_PROFILE_DEBUG', '-DNS3_ASSERT_ENABLE', '-DNS3_LOG_ENABLE', '-DHAVE_SYS_IOCTL_H=1', '-DHAVE_IF_NETS_H=1', '../test.cpp', '-c', '-o/home/hank/ns3gym-extention/build/.conf_check_e71230128b6922ddb5d763de9f48f65d/testbuild/test.cpp.1.o']
[2/2] Linking [33mbuild/.conf_check_e71230128b6922ddb5d763de9f48f65d/testbuild/testprog[0m

['/usr/bin/g++', 'test.cpp.1.o', '-o/home/hank/ns3gym-extention/build/.conf_check_e71230128b6922ddb5d763de9f48f65d/testbuild/testprog', '-Wl,-Bstatic', '-Wl,-Bdynamic']
yes
------------------------------------------------------------------
Checking for header linux/if_tun.h
==>
#include <linux/if_tun.h>

int main(int argc, char **argv) {
	(void)argc; (void)argv;
	return 0;
}

<==
[1/2] Compiling [32mbuild/.conf_check_f44d8a4061453a0afcaa307cfa139613/test.cpp[0m

['/usr/bin/g++', '-O0', '-ggdb', '-g3', '-Wall', '-Werror', '-std=c++11', '-DNS3_BUILD_PROFILE_DEBUG', '-DNS3_ASSERT_ENABLE', '-DNS3_LOG_ENABLE', '-DHAVE_SYS_IOCTL_H=1', '-DHAVE_IF_NETS_H=1', '-DHAVE_NET_ETHERNET_H=1', '../test.cpp', '-c', '-o/home/hank/ns3gym-extention/build/.conf_check_f44d8a4061453a0afcaa307cfa139613/testbuild/test.cpp.1.o']
[2/2] Linking [33mbuild/.conf_check_f44d8a4061453a0afcaa307cfa139613/testbuild/testprog[0m

['/usr/bin/g++', 'test.cpp.1.o', '-o/home/hank/ns3gym-extention/build/.conf_check_f44d8a4061453a0afcaa307cfa139613/testbuild/testprog', '-Wl,-Bstatic', '-Wl,-Bdynamic']
yes
------------------------------------------------------------------
Checking for header netpacket/packet.h
==>
#include <netpacket/packet.h>

int main(int argc, char **argv) {
	(void)argc; (void)argv;
	return 0;
}

<==
[1/2] Compiling [32mbuild/.conf_check_7459c7be617a80e4ee2b95a8573608fe/test.cpp[0m

['/usr/bin/g++', '-O0', '-ggdb', '-g3', '-Wall', '-Werror', '-std=c++11', '-DNS3_BUILD_PROFILE_DEBUG', '-DNS3_ASSERT_ENABLE', '-DNS3_LOG_ENABLE', '-DHAVE_SYS_IOCTL_H=1', '-DHAVE_IF_NETS_H=1', '-DHAVE_NET_ETHERNET_H=1', '-DHAVE_IF_TUN_H=1', '../test.cpp', '-c', '-o/home/hank/ns3gym-extention/build/.conf_check_7459c7be617a80e4ee2b95a8573608fe/testbuild/test.cpp.1.o']
[2/2] Linking [33mbuild/.conf_check_7459c7be617a80e4ee2b95a8573608fe/testbuild/testprog[0m

['/usr/bin/g++', 'test.cpp.1.o', '-o/home/hank/ns3gym-extention/build/.conf_check_7459c7be617a80e4ee2b95a8573608fe/testbuild/testprog', '-Wl,-Bstatic', '-Wl,-Bdynamic']
yes
------------------------------------------------------------------
Checking for NSC location
not found
------------------------------------------------------------------
Checking for OpenFlow location
not found
------------------------------------------------------------------
Checking for library zmq
==>

int main(int argc, char **argv) {
	(void)argc; (void)argv;
	return 0;
}

<==
[1/2] Compiling [32mbuild/.conf_check_a73ceab324f196c9d077129b903f912d/test.cpp[0m

['/usr/bin/g++', '-O0', '-ggdb', '-g3', '-Wall', '-Werror', '-std=c++11', '-DNS3_BUILD_PROFILE_DEBUG', '-DNS3_ASSERT_ENABLE', '-DNS3_LOG_ENABLE', '-DHAVE_SYS_IOCTL_H=1', '-DHAVE_IF_NETS_H=1', '-DHAVE_NET_ETHERNET_H=1', '-DHAVE_IF_TUN_H=1', '-DHAVE_PACKET_H=1', '../test.cpp', '-c', '-o/home/hank/ns3gym-extention/build/.conf_check_a73ceab324f196c9d077129b903f912d/testbuild/test.cpp.1.o']
[2/2] Linking [33mbuild/.conf_check_a73ceab324f196c9d077129b903f912d/testbuild/testprog[0m

['/usr/bin/g++', 'test.cpp.1.o', '-o/home/hank/ns3gym-extention/build/.conf_check_a73ceab324f196c9d077129b903f912d/testbuild/testprog', '-Wl,-Bstatic', '-Wl,-Bdynamic', '-lzmq']
yes
------------------------------------------------------------------
Checking for library protobuf
==>

int main(int argc, char **argv) {
	(void)argc; (void)argv;
	return 0;
}

<==
[1/2] Compiling [32mbuild/.conf_check_68347b4a9cefb61ca9b5f42e4c087e4a/test.cpp[0m

['/usr/bin/g++', '-O0', '-ggdb', '-g3', '-Wall', '-Werror', '-std=c++11', '-DNS3_BUILD_PROFILE_DEBUG', '-DNS3_ASSERT_ENABLE', '-DNS3_LOG_ENABLE', '-DHAVE_SYS_IOCTL_H=1', '-DHAVE_IF_NETS_H=1', '-DHAVE_NET_ETHERNET_H=1', '-DHAVE_IF_TUN_H=1', '-DHAVE_PACKET_H=1', '-DHAVE_ZMQ=1', '../test.cpp', '-c', '-o/home/hank/ns3gym-extention/build/.conf_check_68347b4a9cefb61ca9b5f42e4c087e4a/testbuild/test.cpp.1.o']
[2/2] Linking [33mbuild/.conf_check_68347b4a9cefb61ca9b5f42e4c087e4a/testbuild/testprog[0m

['/usr/bin/g++', 'test.cpp.1.o', '-o/home/hank/ns3gym-extention/build/.conf_check_68347b4a9cefb61ca9b5f42e4c087e4a/testbuild/testprog', '-Wl,-Bstatic', '-Wl,-Bdynamic', '-lprotobuf']
yes
------------------------------------------------------------------
Checking for program 'protoc'
/usr/bin/protoc
find program=['protoc'] paths=['/home/hank/env01/bin', '/home/hank/.vscode-server/bin/0ba0ca52957102ca3527cf479571617f0de6ed50/bin', '/home/hank/bin', '/home/hank/.local/bin', '/home/hank/.vscode-server/bin/0ba0ca52957102ca3527cf479571617f0de6ed50/bin', '/usr/local/sbin', '/usr/local/bin', '/usr/sbin', '/usr/bin', '/sbin', '/bin', '/usr/games', '/usr/local/games', '/snap/bin'] var='PROTOC' -> ['/usr/bin/protoc']
------------------------------------------------------------------
Checking for protoc version
3.1.0
------------------------------------------------------------------
Build ns3gym Protobuf C++ messages
Done
------------------------------------------------------------------
Build ns3gym Protobuf Python messages
Done
------------------------------------------------------------------
Checking for 'sqlite3'
['/usr/bin/pkg-config', '--cflags', '--libs', 'sqlite3']
out: -lsqlite3

yes
------------------------------------------------------------------
Checking for header linux/if_tun.h
==>
#include <linux/if_tun.h>

int main(int argc, char **argv) {
	(void)argc; (void)argv;
	return 0;
}

<==
[1/2] Compiling [32mbuild/.conf_check_f44d8a4061453a0afcaa307cfa139613/test.cpp[0m

['/usr/bin/g++', '-O0', '-ggdb', '-g3', '-Wall', '-Werror', '-std=c++11', '-DNS3_BUILD_PROFILE_DEBUG', '-DNS3_ASSERT_ENABLE', '-DNS3_LOG_ENABLE', '-DHAVE_SYS_IOCTL_H=1', '-DHAVE_IF_NETS_H=1', '-DHAVE_NET_ETHERNET_H=1', '-DHAVE_PACKET_H=1', '-DHAVE_ZMQ=1', '-DHAVE_PROTOBUF=1', '-DHAVE_SQLITE3=1', '../test.cpp', '-c', '-o/home/hank/ns3gym-extention/build/.conf_check_f44d8a4061453a0afcaa307cfa139613/testbuild/test.cpp.1.o']
[2/2] Linking [33mbuild/.conf_check_f44d8a4061453a0afcaa307cfa139613/testbuild/testprog[0m

['/usr/bin/g++', '-lzmq', '-lprotobuf', 'test.cpp.1.o', '-o/home/hank/ns3gym-extention/build/.conf_check_f44d8a4061453a0afcaa307cfa139613/testbuild/testprog', '-Wl,-Bstatic', '-Wl,-Bdynamic', '-lzmq', '-lprotobuf']
yes
------------------------------------------------------------------
Checking for python module 'gi'
['/home/hank/env01/bin/python', '-c', "\nimport gi as current_module\nversion = getattr(current_module, '__version__', None)\nif version is not None:\n\tprint(str(version))\nelse:\n\tprint('unknown version')\n"]
err: Traceback (most recent call last):
  File "<string>", line 2, in <module>
ImportError: No module named 'gi'

not found
from /home/hank/ns3gym-extention/src/visualizer: Could not find the python module 'gi'
------------------------------------------------------------------
Checking for python module 'gi.repository.GObject'
['/home/hank/env01/bin/python', '-c', "\nimport gi.repository.GObject as current_module\nversion = getattr(current_module, '__version__', None)\nif version is not None:\n\tprint(str(version))\nelse:\n\tprint('unknown version')\n"]
err: Traceback (most recent call last):
  File "<string>", line 2, in <module>
ImportError: No module named 'gi'

not found
from /home/hank/ns3gym-extention/src/visualizer: Could not find the python module 'gi.repository.GObject'
------------------------------------------------------------------
Checking for python module 'cairo'
['/home/hank/env01/bin/python', '-c', "\nimport cairo as current_module\nversion = getattr(current_module, '__version__', None)\nif version is not None:\n\tprint(str(version))\nelse:\n\tprint('unknown version')\n"]
err: Traceback (most recent call last):
  File "<string>", line 2, in <module>
ImportError: No module named 'cairo'

not found
from /home/hank/ns3gym-extention/src/visualizer: Could not find the python module 'cairo'
------------------------------------------------------------------
Checking for python module 'pygraphviz'
['/home/hank/env01/bin/python', '-c', "\nimport pygraphviz as current_module\nversion = getattr(current_module, '__version__', None)\nif version is not None:\n\tprint(str(version))\nelse:\n\tprint('unknown version')\n"]
err: Traceback (most recent call last):
  File "<string>", line 2, in <module>
ImportError: No module named 'pygraphviz'

not found
from /home/hank/ns3gym-extention/src/visualizer: Could not find the python module 'pygraphviz'
------------------------------------------------------------------
Checking for python module 'gi.repository.Gtk'
['/home/hank/env01/bin/python', '-c', "\nimport gi.repository.Gtk as current_module\nversion = getattr(current_module, '__version__', None)\nif version is not None:\n\tprint(str(version))\nelse:\n\tprint('unknown version')\n"]
err: Traceback (most recent call last):
  File "<string>", line 2, in <module>
ImportError: No module named 'gi'

not found
from /home/hank/ns3gym-extention/src/visualizer: Could not find the python module 'gi.repository.Gtk'
------------------------------------------------------------------
Checking for python module 'gi.repository.Gdk'
['/home/hank/env01/bin/python', '-c', "\nimport gi.repository.Gdk as current_module\nversion = getattr(current_module, '__version__', None)\nif version is not None:\n\tprint(str(version))\nelse:\n\tprint('unknown version')\n"]
err: Traceback (most recent call last):
  File "<string>", line 2, in <module>
ImportError: No module named 'gi'

not found
from /home/hank/ns3gym-extention/src/visualizer: Could not find the python module 'gi.repository.Gdk'
------------------------------------------------------------------
Checking for python module 'gi.repository.Pango'
['/home/hank/env01/bin/python', '-c', "\nimport gi.repository.Pango as current_module\nversion = getattr(current_module, '__version__', None)\nif version is not None:\n\tprint(str(version))\nelse:\n\tprint('unknown version')\n"]
err: Traceback (most recent call last):
  File "<string>", line 2, in <module>
ImportError: No module named 'gi'

not found
from /home/hank/ns3gym-extention/src/visualizer: Could not find the python module 'gi.repository.Pango'
------------------------------------------------------------------
Checking for python module 'gi.repository.GooCanvas'
['/home/hank/env01/bin/python', '-c', "\nimport gi.repository.GooCanvas as current_module\nversion = getattr(current_module, '__version__', None)\nif version is not None:\n\tprint(str(version))\nelse:\n\tprint('unknown version')\n"]
err: Traceback (most recent call last):
  File "<string>", line 2, in <module>
ImportError: No module named 'gi'

not found
from /home/hank/ns3gym-extention/src/visualizer: Could not find the python module 'gi.repository.GooCanvas'
------------------------------------------------------------------
Checking for program 'sudo'
/usr/bin/sudo
find program=['sudo'] paths=['/home/hank/env01/bin', '/home/hank/.vscode-server/bin/0ba0ca52957102ca3527cf479571617f0de6ed50/bin', '/home/hank/bin', '/home/hank/.local/bin', '/home/hank/.vscode-server/bin/0ba0ca52957102ca3527cf479571617f0de6ed50/bin', '/usr/local/sbin', '/usr/local/bin', '/usr/sbin', '/usr/bin', '/sbin', '/bin', '/usr/games', '/usr/local/games', '/snap/bin'] var='SUDO' -> ['/usr/bin/sudo']
------------------------------------------------------------------
Checking for program 'valgrind'
/usr/bin/valgrind
find program=['valgrind'] paths=['/home/hank/env01/bin', '/home/hank/.vscode-server/bin/0ba0ca52957102ca3527cf479571617f0de6ed50/bin', '/home/hank/bin', '/home/hank/.local/bin', '/home/hank/.vscode-server/bin/0ba0ca52957102ca3527cf479571617f0de6ed50/bin', '/usr/local/sbin', '/usr/local/bin', '/usr/sbin', '/usr/bin', '/sbin', '/bin', '/usr/games', '/usr/local/games', '/snap/bin'] var='VALGRIND' -> ['/usr/bin/valgrind']
------------------------------------------------------------------
Checking for 'gsl'
['/usr/bin/pkg-config', '--cflags', '--libs', 'gsl']
err: Package gsl was not found in the pkg-config search path.
Perhaps you should add the directory containing `gsl.pc'
to the PKG_CONFIG_PATH environment variable
No package 'gsl' found

not found
from /home/hank/ns3gym-extention: The configuration failed
------------------------------------------------------------------
python-config
not found
find program=['libgcrypt-config'] paths=['/home/hank/env01/bin', '/home/hank/.vscode-server/bin/0ba0ca52957102ca3527cf479571617f0de6ed50/bin', '/home/hank/bin', '/home/hank/.local/bin', '/home/hank/.vscode-server/bin/0ba0ca52957102ca3527cf479571617f0de6ed50/bin', '/usr/local/sbin', '/usr/local/bin', '/usr/sbin', '/usr/bin', '/sbin', '/bin', '/usr/games', '/usr/local/games', '/snap/bin'] var='LIBGCRYPT_CONFIG' -> None
from /home/hank/ns3gym-extention: Could not find the program ['libgcrypt-config']
------------------------------------------------------------------
Checking for compilation flag -fstrict-aliasing support
==>
int main() { return 0; }
<==
[1/1] Compiling [32mbuild/.conf_check_a393ebc4c6148b7c5ea088c11bca679e/test.cpp[0m

['/usr/bin/g++', '-O0', '-ggdb', '-g3', '-Wall', '-Werror', '-std=c++11', '-fstrict-aliasing', '-DNS3_BUILD_PROFILE_DEBUG', '-DNS3_ASSERT_ENABLE', '-DNS3_LOG_ENABLE', '-DHAVE_SYS_IOCTL_H=1', '-DHAVE_IF_NETS_H=1', '-DHAVE_NET_ETHERNET_H=1', '-DHAVE_PACKET_H=1', '-DHAVE_ZMQ=1', '-DHAVE_PROTOBUF=1', '-DHAVE_SQLITE3=1', '-DHAVE_IF_TUN_H=1', '../test.cpp', '-c', '-o/home/hank/ns3gym-extention/build/.conf_check_a393ebc4c6148b7c5ea088c11bca679e/testbuild/test.cpp.1.o']
ok
------------------------------------------------------------------
Checking for compilation flag -fstrict-aliasing support
==>
int main() { return 0; }
<==
[1/1] Compiling [32mbuild/.conf_check_65472dbde26941a949b30e2137ec1a91/test.c[0m

['/usr/bin/gcc', '-fstrict-aliasing', '-DNS3_BUILD_PROFILE_DEBUG', '-DNS3_ASSERT_ENABLE', '-DNS3_LOG_ENABLE', '-DHAVE_SYS_IOCTL_H=1', '-DHAVE_IF_NETS_H=1', '-DHAVE_NET_ETHERNET_H=1', '-DHAVE_PACKET_H=1', '-DHAVE_ZMQ=1', '-DHAVE_PROTOBUF=1', '-DHAVE_SQLITE3=1', '-DHAVE_IF_TUN_H=1', '../test.c', '-c', '-o/home/hank/ns3gym-extention/build/.conf_check_65472dbde26941a949b30e2137ec1a91/testbuild/test.c.1.o']
ok
------------------------------------------------------------------
Checking for compilation flag -Wstrict-aliasing support
==>
int main() { return 0; }
<==
[1/1] Compiling [32mbuild/.conf_check_a393ebc4c6148b7c5ea088c11bca679e/test.cpp[0m

['/usr/bin/g++', '-O0', '-ggdb', '-g3', '-Wall', '-Werror', '-std=c++11', '-fstrict-aliasing', '-Wstrict-aliasing', '-DNS3_BUILD_PROFILE_DEBUG', '-DNS3_ASSERT_ENABLE', '-DNS3_LOG_ENABLE', '-DHAVE_SYS_IOCTL_H=1', '-DHAVE_IF_NETS_H=1', '-DHAVE_NET_ETHERNET_H=1', '-DHAVE_PACKET_H=1', '-DHAVE_ZMQ=1', '-DHAVE_PROTOBUF=1', '-DHAVE_SQLITE3=1', '-DHAVE_IF_TUN_H=1', '../test.cpp', '-c', '-o/home/hank/ns3gym-extention/build/.conf_check_a393ebc4c6148b7c5ea088c11bca679e/testbuild/test.cpp.1.o']
ok
------------------------------------------------------------------
Checking for compilation flag -Wstrict-aliasing support
==>
int main() { return 0; }
<==
[1/1] Compiling [32mbuild/.conf_check_65472dbde26941a949b30e2137ec1a91/test.c[0m

['/usr/bin/gcc', '-Wstrict-aliasing', '-DNS3_BUILD_PROFILE_DEBUG', '-DNS3_ASSERT_ENABLE', '-DNS3_LOG_ENABLE', '-DHAVE_SYS_IOCTL_H=1', '-DHAVE_IF_NETS_H=1', '-DHAVE_NET_ETHERNET_H=1', '-DHAVE_PACKET_H=1', '-DHAVE_ZMQ=1', '-DHAVE_PROTOBUF=1', '-DHAVE_SQLITE3=1', '-DHAVE_IF_TUN_H=1', '../test.c', '-c', '-o/home/hank/ns3gym-extention/build/.conf_check_65472dbde26941a949b30e2137ec1a91/testbuild/test.c.1.o']
ok
------------------------------------------------------------------
Checking for program 'doxygen'
/usr/bin/doxygen
find program=['doxygen'] paths=['/home/hank/env01/bin', '/home/hank/.vscode-server/bin/0ba0ca52957102ca3527cf479571617f0de6ed50/bin', '/home/hank/bin', '/home/hank/.local/bin', '/home/hank/.vscode-server/bin/0ba0ca52957102ca3527cf479571617f0de6ed50/bin', '/usr/local/sbin', '/usr/local/bin', '/usr/sbin', '/usr/bin', '/sbin', '/bin', '/usr/games', '/usr/local/games', '/snap/bin'] var='DOXYGEN' -> ['/usr/bin/doxygen']
